Blender 3.3.15 (hash ec91541af1fa built 2024-01-16 01:25:28)
/run/user/10003/gvfs/ non-existent directory
Error: Please select a file
Blender 3.3.15 (hash ec91541af1fa built 2024-01-16 01:25:28)
/run/user/10003/gvfs/ non-existent directory
Error: Please select a file
Compute device selected: CUDA
Accelerated render = True
<bpy_collection[3], CyclesPreferences.devices>
Device enabled (CUDA) = True
Device enabled (CPU) = False
Device enabled (OPTIX) = False
Error: Please select a file
Failed to render /hdd/taohu/Data/Objaverse/Data/hf-objaverse-v1/glbs/000-145/51ea3f325a18411393687d716845634c.glb
Error: Please select a file

Compute device selected: CUDA
Accelerated render = True
<bpy_collection[3], CyclesPreferences.devices>
Device enabled (CUDA) = True
Device enabled (CPU) = False
Device enabled (OPTIX) = False
Error: Please select a file
Failed to render /hdd/taohu/Data/Objaverse/Data/hf-objaverse-v1/glbs/000-141/f587d97259f44d98aab667b99e8be37d.glb
Error: Please select a file


Blender quit

Blender quit
Blender 3.3.15 (hash ec91541af1fa built 2024-01-16 01:25:28)
/run/user/10003/gvfs/ non-existent directory
Error: Please select a file
Compute device selected: CUDA
Accelerated render = True
<bpy_collection[3], CyclesPreferences.devices>
Device enabled (CUDA) = True
Device enabled (CPU) = False
Device enabled (OPTIX) = False
Error: Please select a file
Failed to render /hdd/taohu/Data/Objaverse/Data/hf-objaverse-v1/glbs/000-124/28ad69312578441cba5ce8f41a93a8d2.glb
Error: Please select a file


Blender quit
Blender 3.3.15 (hash ec91541af1fa built 2024-01-16 01:25:28)
/run/user/10003/gvfs/ non-existent directory
Error: Please select a file
Compute device selected: CUDA
Accelerated render = True
<bpy_collection[3], CyclesPreferences.devices>
Device enabled (CUDA) = True
Device enabled (CPU) = False
Device enabled (OPTIX) = False
Error: Please select a file
Failed to render /hdd/taohu/Data/Objaverse/Data/hf-objaverse-v1/glbs/000-014/2503a5b653c846b2a25e8abed72d97a0.glb
Error: Please select a file


Blender quit
Blender 3.3.15 (hash ec91541af1fa built 2024-01-16 01:25:28)
/run/user/10003/gvfs/ non-existent directory
Error: Please select a file
Compute device selected: CUDA
Accelerated render = True
<bpy_collection[3], CyclesPreferences.devices>
Device enabled (CUDA) = True
Device enabled (CPU) = False
Device enabled (OPTIX) = False
Error: Please select a file
Failed to render /hdd/taohu/Data/Objaverse/Data/hf-objaverse-v1/glbs/000-128/1b52a255b4604af38ba7797156e08a85.glb
Error: Please select a file


Blender quit
Blender 3.3.15 (hash ec91541af1fa built 2024-01-16 01:25:28)
/run/user/10003/gvfs/ non-existent directory
Error: Please select a file
Compute device selected: CUDA
Accelerated render = True
<bpy_collection[3], CyclesPreferences.devices>
Device enabled (CUDA) = True
Device enabled (CPU) = False
Device enabled (OPTIX) = False
Error: Please select a file
Failed to render /hdd/taohu/Data/Objaverse/Data/hf-objaverse-v1/glbs/000-050/245c1ad327c64046ae25e635fc4b819d.glb
Error: Please select a file


Blender quit
Blender 3.3.15 (hash ec91541af1fa built 2024-01-16 01:25:28)
/run/user/10003/gvfs/ non-existent directory
Error: Please select a file
Compute device selected: CUDA
Accelerated render = True
<bpy_collection[3], CyclesPreferences.devices>
Device enabled (CUDA) = True
Device enabled (CPU) = False
Device enabled (OPTIX) = False
Error: Please select a file
Failed to render /hdd/taohu/Data/Objaverse/Data/hf-objaverse-v1/glbs/000-110/a18c01be10584a36a81f4caee356d93e.glb
Error: Please select a file


Blender quit
Blender 3.3.15 (hash ec91541af1fa built 2024-01-16 01:25:28)
/run/user/10003/gvfs/ non-existent directory
Error: Please select a file
Compute device selected: CUDA
Accelerated render = True
<bpy_collection[3], CyclesPreferences.devices>
Device enabled (CUDA) = True
Device enabled (CPU) = False
Device enabled (OPTIX) = False
Error: Please select a file
Failed to render /hdd/taohu/Data/Objaverse/Data/hf-objaverse-v1/glbs/000-129/2d84cd1618924e56a5217daa757e136c.glb
Error: Please select a file


Blender quit
Blender 3.3.15 (hash ec91541af1fa built 2024-01-16 01:25:28)
/run/user/10003/gvfs/ non-existent directory
Error: Please select a file
Compute device selected: CUDA
Accelerated render = True
<bpy_collection[3], CyclesPreferences.devices>
Device enabled (CUDA) = True
Device enabled (CPU) = False
Device enabled (OPTIX) = False
Error: Please select a file
Failed to render /hdd/taohu/Data/Objaverse/Data/hf-objaverse-v1/glbs/000-060/91f8b1f81a23475fa36d650ae75cf471.glb
Error: Please select a file


Blender quit
Blender 3.3.15 (hash ec91541af1fa built 2024-01-16 01:25:28)
/run/user/10003/gvfs/ non-existent directory
Error: Please select a file
Compute device selected: CUDA
Accelerated render = True
<bpy_collection[3], CyclesPreferences.devices>
Device enabled (CUDA) = True
Device enabled (CPU) = False
Device enabled (OPTIX) = False
Error: Please select a file
Failed to render /hdd/taohu/Data/Objaverse/Data/hf-objaverse-v1/glbs/000-078/cadca119471b435fa1d0aa8c18beb8b0.glb
Error: Please select a file


Blender quit
Blender 3.3.15 (hash ec91541af1fa built 2024-01-16 01:25:28)
/run/user/10003/gvfs/ non-existent directory
Error: Please select a file
Compute device selected: CUDA
Accelerated render = True
<bpy_collection[3], CyclesPreferences.devices>
Device enabled (CUDA) = True
Device enabled (CPU) = False
Device enabled (OPTIX) = False
Error: Please select a file
Failed to render /hdd/taohu/Data/Objaverse/Data/hf-objaverse-v1/glbs/000-142/7a3f9b9ace0f4d9490ee05d7152c5980.glb
Error: Please select a file


Blender quit
Blender 3.3.15 (hash ec91541af1fa built 2024-01-16 01:25:28)
/run/user/10003/gvfs/ non-existent directory
Error: Please select a file
Blender 3.3.15 (hash ec91541af1fa built 2024-01-16 01:25:28)
/run/user/10003/gvfs/ non-existent directory
Error: Please select a file
Compute device selected: CUDA
Accelerated render = True
<bpy_collection[3], CyclesPreferences.devices>
Device enabled (CUDA) = True
Device enabled (CPU) = False
Device enabled (OPTIX) = False
Error: Please select a file
Failed to render /hdd/taohu/Data/Objaverse/Data/hf-objaverse-v1/glbs/000-104/716c521d65524da1b4a1a0309ad3769d.glb
Error: Please select a file

Compute device selected: CUDA
Accelerated render = True
<bpy_collection[3], CyclesPreferences.devices>
Device enabled (CUDA) = True
Device enabled (CPU) = False
Device enabled (OPTIX) = False
Error: Please select a file
Failed to render /hdd/taohu/Data/Objaverse/Data/hf-objaverse-v1/glbs/000-088/1e40c7ccc6a2409f986fc5d6a6d46a2b.glb
Error: Please select a file


Blender quit

Blender quit
Blender 3.3.15 (hash ec91541af1fa built 2024-01-16 01:25:28)
/run/user/10003/gvfs/ non-existent directory
Error: Please select a file
Compute device selected: CUDA
Accelerated render = True
<bpy_collection[3], CyclesPreferences.devices>
Device enabled (CUDA) = True
Device enabled (CPU) = False
Device enabled (OPTIX) = False
Error: Please select a file
Failed to render /hdd/taohu/Data/Objaverse/Data/hf-objaverse-v1/glbs/000-142/8bd660654ebe4ca2b9d6d1f6f93c25ec.glb
Error: Please select a file


Blender quit
Blender 3.3.15 (hash ec91541af1fa built 2024-01-16 01:25:28)
/run/user/10003/gvfs/ non-existent directory
Error: Please select a file
Compute device selected: CUDA
Accelerated render = True
<bpy_collection[3], CyclesPreferences.devices>
Device enabled (CUDA) = True
Device enabled (CPU) = False
Device enabled (OPTIX) = False
Error: Please select a file
Failed to render /hdd/taohu/Data/Objaverse/Data/hf-objaverse-v1/glbs/000-123/7306d6a721eb4e9fac6c73d5b97cb00b.glb
Error: Please select a file


Blender quit
Blender 3.3.15 (hash ec91541af1fa built 2024-01-16 01:25:28)
/run/user/10003/gvfs/ non-existent directory
Error: Please select a file
Compute device selected: CUDA
Accelerated render = True
<bpy_collection[3], CyclesPreferences.devices>
Device enabled (CUDA) = True
Device enabled (CPU) = False
Device enabled (OPTIX) = False
Error: Please select a file
Failed to render /hdd/taohu/Data/Objaverse/Data/hf-objaverse-v1/glbs/000-154/9bbcdc63cb7c44d6bb4236e33f324c21.glb
Error: Please select a file


Blender quit
Blender 3.3.15 (hash ec91541af1fa built 2024-01-16 01:25:28)
/run/user/10003/gvfs/ non-existent directory
Error: Please select a file
Compute device selected: CUDA
Accelerated render = True
<bpy_collection[3], CyclesPreferences.devices>
Device enabled (CUDA) = True
Device enabled (CPU) = False
Device enabled (OPTIX) = False
Error: Please select a file
Failed to render /hdd/taohu/Data/Objaverse/Data/hf-objaverse-v1/glbs/000-050/12b05f4c31aa49cb9f4a249151f434d1.glb
Error: Please select a file


Blender quit
Blender 3.3.15 (hash ec91541af1fa built 2024-01-16 01:25:28)
/run/user/10003/gvfs/ non-existent directory
Error: Please select a file
Compute device selected: CUDA
Accelerated render = True
<bpy_collection[3], CyclesPreferences.devices>
Device enabled (CUDA) = True
Device enabled (CPU) = False
Device enabled (OPTIX) = False
Error: Please select a file
Failed to render /hdd/taohu/Data/Objaverse/Data/hf-objaverse-v1/glbs/000-025/12d23f5a6747469eaec54395d7ed35d4.glb
Error: Please select a file


Blender quit
Blender 3.3.15 (hash ec91541af1fa built 2024-01-16 01:25:28)
/run/user/10003/gvfs/ non-existent directory
Error: Please select a file
Blender 3.3.15 (hash ec91541af1fa built 2024-01-16 01:25:28)
/run/user/10003/gvfs/ non-existent directory
Error: Please select a file
Compute device selected: CUDA
Accelerated render = True
<bpy_collection[3], CyclesPreferences.devices>
Device enabled (CUDA) = True
Device enabled (CPU) = False
Device enabled (OPTIX) = False
Error: Please select a file
Failed to render /hdd/taohu/Data/Objaverse/Data/hf-objaverse-v1/glbs/000-144/5e045ba4cbc3413587366b9f98ccdf71.glb
Error: Please select a file

Compute device selected: CUDA
Accelerated render = True
<bpy_collection[3], CyclesPreferences.devices>
Device enabled (CUDA) = True
Device enabled (CPU) = False
Device enabled (OPTIX) = False
Error: Please select a file
Failed to render /hdd/taohu/Data/Objaverse/Data/hf-objaverse-v1/glbs/000-133/8f9361ab396e4c21a53bc50a57a740cd.glb
Error: Please select a file


Blender quit

Blender quit
Blender 3.3.15 (hash ec91541af1fa built 2024-01-16 01:25:28)
/run/user/10003/gvfs/ non-existent directory
Error: Please select a file
Compute device selected: CUDA
Accelerated render = True
<bpy_collection[3], CyclesPreferences.devices>
Device enabled (CUDA) = True
Device enabled (CPU) = False
Device enabled (OPTIX) = False
Error: Please select a file
Failed to render /hdd/taohu/Data/Objaverse/Data/hf-objaverse-v1/glbs/000-062/532ddc0b2e264d5c83eab65f2d0bf5c8.glb
Error: Please select a file

Blender 3.3.15 (hash ec91541af1fa built 2024-01-16 01:25:28)
/run/user/10003/gvfs/ non-existent directory
Error: Please select a file

Blender quit
Compute device selected: CUDA
Accelerated render = True
<bpy_collection[3], CyclesPreferences.devices>
Device enabled (CUDA) = True
Device enabled (CPU) = False
Device enabled (OPTIX) = False
Error: Please select a file
Failed to render /hdd/taohu/Data/Objaverse/Data/hf-objaverse-v1/glbs/000-125/7eadc2f04be7499e8a07e21d10a0b9ea.glb
Error: Please select a file


Blender quit
Blender 3.3.15 (hash ec91541af1fa built 2024-01-16 01:25:28)
/run/user/10003/gvfs/ non-existent directory
Error: Please select a file
Compute device selected: CUDA
Accelerated render = True
<bpy_collection[3], CyclesPreferences.devices>
Device enabled (CUDA) = True
Device enabled (CPU) = False
Device enabled (OPTIX) = False
Error: Please select a file
Failed to render /hdd/taohu/Data/Objaverse/Data/hf-objaverse-v1/glbs/000-100/5e6af080bb264cd3b0585093cdd92ee2.glb
Error: Please select a file

Blender 3.3.15 (hash ec91541af1fa built 2024-01-16 01:25:28)
/run/user/10003/gvfs/ non-existent directory
Error: Please select a file
Compute device selected: CUDA
Accelerated render = True
<bpy_collection[3], CyclesPreferences.devices>
Device enabled (CUDA) = True
Device enabled (CPU) = False
Device enabled (OPTIX) = False
Error: Please select a file
Failed to render /hdd/taohu/Data/Objaverse/Data/hf-objaverse-v1/glbs/000-001/347f0780a7a048b8bd32226ae2af53cf.glb
Error: Please select a file


Blender quit

Blender quit
Blender 3.3.15 (hash ec91541af1fa built 2024-01-16 01:25:28)
/run/user/10003/gvfs/ non-existent directory
Error: Please select a file
Compute device selected: CUDA
Accelerated render = True
<bpy_collection[3], CyclesPreferences.devices>
Device enabled (CUDA) = True
Device enabled (CPU) = False
Device enabled (OPTIX) = False
Error: Please select a file
Failed to render /hdd/taohu/Data/Objaverse/Data/hf-objaverse-v1/glbs/000-097/4323cbf8ab064220b8dc491196fb3f6f.glb
Error: Please select a file


Blender quit
Blender 3.3.15 (hash ec91541af1fa built 2024-01-16 01:25:28)
/run/user/10003/gvfs/ non-existent directory
Error: Please select a file
Compute device selected: CUDA
Accelerated render = True
<bpy_collection[3], CyclesPreferences.devices>
Device enabled (CUDA) = True
Device enabled (CPU) = False
Device enabled (OPTIX) = False
Error: Please select a file
Failed to render /hdd/taohu/Data/Objaverse/Data/hf-objaverse-v1/glbs/000-114/d5f677cbc94c4e50b6c39e3c8bd0b3d8.glb
Error: Please select a file


Blender quit
Blender 3.3.15 (hash ec91541af1fa built 2024-01-16 01:25:28)
/run/user/10003/gvfs/ non-existent directory
Error: Please select a file
Compute device selected: CUDA
Accelerated render = True
<bpy_collection[3], CyclesPreferences.devices>
Device enabled (CUDA) = True
Device enabled (CPU) = False
Device enabled (OPTIX) = False
Error: Please select a file
Failed to render /hdd/taohu/Data/Objaverse/Data/hf-objaverse-v1/glbs/000-107/2d34dcdaca184af78c8e926066972fe6.glb
Error: Please select a file


Blender quit
Blender 3.3.15 (hash ec91541af1fa built 2024-01-16 01:25:28)
/run/user/10003/gvfs/ non-existent directory
Error: Please select a file
Compute device selected: CUDA
Accelerated render = True
<bpy_collection[3], CyclesPreferences.devices>
Device enabled (CUDA) = True
Device enabled (CPU) = False
Device enabled (OPTIX) = False
Error: Please select a file
Failed to render /hdd/taohu/Data/Objaverse/Data/hf-objaverse-v1/glbs/000-113/d499b29a501048c58529d967c5da23d1.glb
Error: Please select a file


Blender quit
Blender 3.3.15 (hash ec91541af1fa built 2024-01-16 01:25:28)
/run/user/10003/gvfs/ non-existent directory
Error: Please select a file
Compute device selected: CUDA
Accelerated render = True
<bpy_collection[3], CyclesPreferences.devices>
Device enabled (CUDA) = True
Device enabled (CPU) = False
Device enabled (OPTIX) = False
Error: Please select a file
Failed to render /hdd/taohu/Data/Objaverse/Data/hf-objaverse-v1/glbs/000-003/6f08f87086ec49b7ac10874434ac33ad.glb
Error: Please select a file


Blender quit
Blender 3.3.15 (hash ec91541af1fa built 2024-01-16 01:25:28)
/run/user/10003/gvfs/ non-existent directory
Error: Please select a file
Compute device selected: CUDA
Accelerated render = True
<bpy_collection[3], CyclesPreferences.devices>
Device enabled (CUDA) = True
Device enabled (CPU) = False
Device enabled (OPTIX) = False
Error: Please select a file
Failed to render /hdd/taohu/Data/Objaverse/Data/hf-objaverse-v1/glbs/000-106/4c2faf83b02140e1811890ef5a899a3c.glb
Error: Please select a file


Blender quit
Blender 3.3.15 (hash ec91541af1fa built 2024-01-16 01:25:28)
/run/user/10003/gvfs/ non-existent directory
Error: Please select a file
Compute device selected: CUDA
Accelerated render = True
<bpy_collection[3], CyclesPreferences.devices>
Device enabled (CUDA) = True
Device enabled (CPU) = False
Device enabled (OPTIX) = False
Error: Please select a file
Failed to render /hdd/taohu/Data/Objaverse/Data/hf-objaverse-v1/glbs/000-095/3018163194cd49cbb98a9be79bdba178.glb
Error: Please select a file


Blender quit
Blender 3.3.15 (hash ec91541af1fa built 2024-01-16 01:25:28)
/run/user/10003/gvfs/ non-existent directory
Error: Please select a file
Compute device selected: CUDA
Accelerated render = True
<bpy_collection[3], CyclesPreferences.devices>
Device enabled (CUDA) = True
Device enabled (CPU) = False
Device enabled (OPTIX) = False
Error: Please select a file
Failed to render /hdd/taohu/Data/Objaverse/Data/hf-objaverse-v1/glbs/000-060/7079a5fc5bd74143b36d3f1a123a4f03.glb
Error: Please select a file


Blender quit
Blender 3.3.15 (hash ec91541af1fa built 2024-01-16 01:25:28)
/run/user/10003/gvfs/ non-existent directory
Error: Please select a file
Compute device selected: CUDA
Accelerated render = True
<bpy_collection[3], CyclesPreferences.devices>
Device enabled (CUDA) = True
Device enabled (CPU) = False
Device enabled (OPTIX) = False
Error: Please select a file
Failed to render /hdd/taohu/Data/Objaverse/Data/hf-objaverse-v1/glbs/000-074/4e20d479f76f4124a3eaad49bb0c8d99.glb
Error: Please select a file

Blender 3.3.15 (hash ec91541af1fa built 2024-01-16 01:25:28)
/run/user/10003/gvfs/ non-existent directory
Error: Please select a file
Compute device selected: CUDA
Accelerated render = True
<bpy_collection[3], CyclesPreferences.devices>
Device enabled (CUDA) = True
Device enabled (CPU) = False
Device enabled (OPTIX) = False
Error: Please select a file
Failed to render /hdd/taohu/Data/Objaverse/Data/hf-objaverse-v1/glbs/000-053/695757a99900484a82f12ae30e8bf4ec.glb
Error: Please select a file


Blender quit

Blender quit
Blender 3.3.15 (hash ec91541af1fa built 2024-01-16 01:25:28)
/run/user/10003/gvfs/ non-existent directory
Error: Please select a file
Compute device selected: CUDA
Accelerated render = True
<bpy_collection[3], CyclesPreferences.devices>
Device enabled (CUDA) = True
Device enabled (CPU) = False
Device enabled (OPTIX) = False
Error: Please select a file
Failed to render /hdd/taohu/Data/Objaverse/Data/hf-objaverse-v1/glbs/000-053/6f7745b3560a484a8979f8053d8bf012.glb
Error: Please select a file


Blender quit
Blender 3.3.15 (hash ec91541af1fa built 2024-01-16 01:25:28)
/run/user/10003/gvfs/ non-existent directory
Error: Please select a file
Compute device selected: CUDA
Accelerated render = True
<bpy_collection[3], CyclesPreferences.devices>
Device enabled (CUDA) = True
Device enabled (CPU) = False
Device enabled (OPTIX) = False
Error: Please select a file
Failed to render /hdd/taohu/Data/Objaverse/Data/hf-objaverse-v1/glbs/000-147/3d67b4f9c8ee4841ad0c6a4230cff8c7.glb
Error: Please select a file


Blender quit
Blender 3.3.15 (hash ec91541af1fa built 2024-01-16 01:25:28)
/run/user/10003/gvfs/ non-existent directory
Error: Please select a file
Compute device selected: CUDA
Accelerated render = True
<bpy_collection[3], CyclesPreferences.devices>
Device enabled (CUDA) = True
Device enabled (CPU) = False
Device enabled (OPTIX) = False
Error: Please select a file
Failed to render /hdd/taohu/Data/Objaverse/Data/hf-objaverse-v1/glbs/000-020/03cae2e556ce45e9b5d08d01b49d84d0.glb
Error: Please select a file


Blender quit
Blender 3.3.15 (hash ec91541af1fa built 2024-01-16 01:25:28)
/run/user/10003/gvfs/ non-existent directory
Error: Please select a file
Compute device selected: CUDA
Accelerated render = True
<bpy_collection[3], CyclesPreferences.devices>
Device enabled (CUDA) = True
Device enabled (CPU) = False
Device enabled (OPTIX) = False
Error: Please select a file
Failed to render /hdd/taohu/Data/Objaverse/Data/hf-objaverse-v1/glbs/000-031/8f1433c4bc3d4b00b0c0ce07ec21b67f.glb
Error: Please select a file


Blender quit
Blender 3.3.15 (hash ec91541af1fa built 2024-01-16 01:25:28)
/run/user/10003/gvfs/ non-existent directory
Error: Please select a file
Compute device selected: CUDA
Accelerated render = True
<bpy_collection[3], CyclesPreferences.devices>
Device enabled (CUDA) = True
Device enabled (CPU) = False
Device enabled (OPTIX) = False
Error: Please select a file
Failed to render /hdd/taohu/Data/Objaverse/Data/hf-objaverse-v1/glbs/000-140/634fceff23054fa89dbfa8159eeb2379.glb
Error: Please select a file


Blender quit
Blender 3.3.15 (hash ec91541af1fa built 2024-01-16 01:25:28)
/run/user/10003/gvfs/ non-existent directory
Error: Please select a file
Compute device selected: CUDA
Accelerated render = True
<bpy_collection[3], CyclesPreferences.devices>
Device enabled (CUDA) = True
Device enabled (CPU) = False
Device enabled (OPTIX) = False
Error: Please select a file
Failed to render /hdd/taohu/Data/Objaverse/Data/hf-objaverse-v1/glbs/000-065/86cbd94dda4342f492024882fd538ff3.glb
Error: Please select a file


Blender quit
Blender 3.3.15 (hash ec91541af1fa built 2024-01-16 01:25:28)
/run/user/10003/gvfs/ non-existent directory
Error: Please select a file
Compute device selected: CUDA
Accelerated render = True
<bpy_collection[3], CyclesPreferences.devices>
Device enabled (CUDA) = True
Device enabled (CPU) = False
Device enabled (OPTIX) = False
Error: Please select a file
Failed to render /hdd/taohu/Data/Objaverse/Data/hf-objaverse-v1/glbs/000-126/fac8cf3d3b584047add2ad0d789ff9e8.glb
Error: Please select a file


Blender quit
Blender 3.3.15 (hash ec91541af1fa built 2024-01-16 01:25:28)
/run/user/10003/gvfs/ non-existent directory
Error: Please select a file
Compute device selected: CUDA
Accelerated render = True
<bpy_collection[3], CyclesPreferences.devices>
Device enabled (CUDA) = True
Device enabled (CPU) = False
Device enabled (OPTIX) = False
Error: Please select a file
Failed to render /hdd/taohu/Data/Objaverse/Data/hf-objaverse-v1/glbs/000-065/7f0c2f402d90406dacfb0cdf90dbe0f5.glb
Error: Please select a file


Blender quit
Blender 3.3.15 (hash ec91541af1fa built 2024-01-16 01:25:28)
/run/user/10003/gvfs/ non-existent directory
Error: Please select a file
Compute device selected: CUDA
Accelerated render = True
<bpy_collection[3], CyclesPreferences.devices>
Device enabled (CUDA) = True
Device enabled (CPU) = False
Device enabled (OPTIX) = False
Error: Please select a file
Failed to render /hdd/taohu/Data/Objaverse/Data/hf-objaverse-v1/glbs/000-070/835b5198d5084b6cb2c8a11e322ca58a.glb
Error: Please select a file


Blender quit
Blender 3.3.15 (hash ec91541af1fa built 2024-01-16 01:25:28)
/run/user/10003/gvfs/ non-existent directory
Error: Please select a file
Compute device selected: CUDA
Accelerated render = True
<bpy_collection[3], CyclesPreferences.devices>
Device enabled (CUDA) = True
Device enabled (CPU) = False
Device enabled (OPTIX) = False
Error: Please select a file
Failed to render /hdd/taohu/Data/Objaverse/Data/hf-objaverse-v1/glbs/000-065/81f9b7e6c7cd43f3ad1afb59bb662bde.glb
Error: Please select a file


Blender quit
Blender 3.3.15 (hash ec91541af1fa built 2024-01-16 01:25:28)
/run/user/10003/gvfs/ non-existent directory
Error: Please select a file
Compute device selected: CUDA
Accelerated render = True
<bpy_collection[3], CyclesPreferences.devices>
Device enabled (CUDA) = True
Device enabled (CPU) = False
Device enabled (OPTIX) = False
Error: Please select a file
Failed to render /hdd/taohu/Data/Objaverse/Data/hf-objaverse-v1/glbs/000-123/efe0df4c906e40db8bb96cd40b1c3ad4.glb
Error: Please select a file


Blender quit
Blender 3.3.15 (hash ec91541af1fa built 2024-01-16 01:25:28)
/run/user/10003/gvfs/ non-existent directory
Error: Please select a file
Compute device selected: CUDA
Accelerated render = True
<bpy_collection[3], CyclesPreferences.devices>
Device enabled (CUDA) = True
Device enabled (CPU) = False
Device enabled (OPTIX) = False
Error: Please select a file
Failed to render /hdd/taohu/Data/Objaverse/Data/hf-objaverse-v1/glbs/000-142/e5e7e928d1fc4f9ab42ac8c0bc7240a8.glb
Error: Please select a file


Blender quit
Blender 3.3.15 (hash ec91541af1fa built 2024-01-16 01:25:28)
/run/user/10003/gvfs/ non-existent directory
Error: Please select a file
Compute device selected: CUDA
Accelerated render = True
<bpy_collection[3], CyclesPreferences.devices>
Device enabled (CUDA) = True
Device enabled (CPU) = False
Device enabled (OPTIX) = False
Error: Please select a file
Failed to render /hdd/taohu/Data/Objaverse/Data/hf-objaverse-v1/glbs/000-092/70ff14074cc045dd978fcfb7351cc406.glb
Error: Please select a file


Blender quit
Blender 3.3.15 (hash ec91541af1fa built 2024-01-16 01:25:28)
/run/user/10003/gvfs/ non-existent directory
Error: Please select a file
Compute device selected: CUDA
Accelerated render = True
<bpy_collection[3], CyclesPreferences.devices>
Device enabled (CUDA) = True
Device enabled (CPU) = False
Device enabled (OPTIX) = False
Error: Please select a file
Failed to render /hdd/taohu/Data/Objaverse/Data/hf-objaverse-v1/glbs/000-155/6ee8094be0ea4a6bb20c1de3a1281bd8.glb
Error: Please select a file


Blender quit
Blender 3.3.15 (hash ec91541af1fa built 2024-01-16 01:25:28)
/run/user/10003/gvfs/ non-existent directory
Error: Please select a file
Compute device selected: CUDA
Accelerated render = True
<bpy_collection[3], CyclesPreferences.devices>
Device enabled (CUDA) = True
Device enabled (CPU) = False
Device enabled (OPTIX) = False
Error: Please select a file
Failed to render /hdd/taohu/Data/Objaverse/Data/hf-objaverse-v1/glbs/000-027/e5d5f6a16d634537bb1a4865ffbeb1cf.glb
Error: Please select a file


Blender quit
Blender 3.3.15 (hash ec91541af1fa built 2024-01-16 01:25:28)
/run/user/10003/gvfs/ non-existent directory
Error: Please select a file
Compute device selected: CUDA
Accelerated render = True
<bpy_collection[3], CyclesPreferences.devices>
Device enabled (CUDA) = True
Device enabled (CPU) = False
Device enabled (OPTIX) = False
Error: Please select a file
Failed to render /hdd/taohu/Data/Objaverse/Data/hf-objaverse-v1/glbs/000-097/ea47570f51854f449f3684bed2e5c4e0.glb
Error: Please select a file


Blender quit
Blender 3.3.15 (hash ec91541af1fa built 2024-01-16 01:25:28)
/run/user/10003/gvfs/ non-existent directory
Error: Please select a file
Compute device selected: CUDA
Accelerated render = True
<bpy_collection[3], CyclesPreferences.devices>
Device enabled (CUDA) = True
Device enabled (CPU) = False
Device enabled (OPTIX) = False
Error: Please select a file
Failed to render /hdd/taohu/Data/Objaverse/Data/hf-objaverse-v1/glbs/000-008/875e482c9a194f9ea90e3e162f4c6d54.glb
Error: Please select a file


Blender quit
Blender 3.3.15 (hash ec91541af1fa built 2024-01-16 01:25:28)
/run/user/10003/gvfs/ non-existent directory
Error: Please select a file
Compute device selected: CUDA
Accelerated render = True
<bpy_collection[3], CyclesPreferences.devices>
Device enabled (CUDA) = True
Device enabled (CPU) = False
Device enabled (OPTIX) = False
Error: Please select a file
Failed to render /hdd/taohu/Data/Objaverse/Data/hf-objaverse-v1/glbs/000-142/986a5e6c99b244e9b43154ae41bb7208.glb
Error: Please select a file

Blender 3.3.15 (hash ec91541af1fa built 2024-01-16 01:25:28)
/run/user/10003/gvfs/ non-existent directory
Error: Please select a file
Compute device selected: CUDA
Accelerated render = True
<bpy_collection[3], CyclesPreferences.devices>
Device enabled (CUDA) = True
Device enabled (CPU) = False
Device enabled (OPTIX) = False
Error: Please select a file
Failed to render /hdd/taohu/Data/Objaverse/Data/hf-objaverse-v1/glbs/000-023/44cde913bbc14769ac2526f73730345d.glb
Error: Please select a file


Blender quit

Blender quit
Blender 3.3.15 (hash ec91541af1fa built 2024-01-16 01:25:28)
/run/user/10003/gvfs/ non-existent directory
Error: Please select a file
Compute device selected: CUDA
Accelerated render = True
<bpy_collection[3], CyclesPreferences.devices>
Device enabled (CUDA) = True
Device enabled (CPU) = False
Device enabled (OPTIX) = False
Error: Please select a file
Failed to render /hdd/taohu/Data/Objaverse/Data/hf-objaverse-v1/glbs/000-065/4773f1fa4fa14a29994d104328f6fb8e.glb
Error: Please select a file

Blender 3.3.15 (hash ec91541af1fa built 2024-01-16 01:25:28)
/run/user/10003/gvfs/ non-existent directory
Error: Please select a file
Compute device selected: CUDA
Accelerated render = True
<bpy_collection[3], CyclesPreferences.devices>
Device enabled (CUDA) = True
Device enabled (CPU) = False
Device enabled (OPTIX) = False
Error: Please select a file
Failed to render /hdd/taohu/Data/Objaverse/Data/hf-objaverse-v1/glbs/000-145/ff6a9411ffcc485d9f1bf985bf86fbd1.glb
Error: Please select a file


Blender quit

Blender quit
Blender 3.3.15 (hash ec91541af1fa built 2024-01-16 01:25:28)
/run/user/10003/gvfs/ non-existent directory
Error: Please select a file
Compute device selected: CUDA
Accelerated render = True
<bpy_collection[3], CyclesPreferences.devices>
Device enabled (CUDA) = True
Device enabled (CPU) = False
Device enabled (OPTIX) = False
Error: Please select a file
Failed to render /hdd/taohu/Data/Objaverse/Data/hf-objaverse-v1/glbs/000-144/340b9b9b6ca44032b6b3458fda11da8f.glb
Error: Please select a file

Blender 3.3.15 (hash ec91541af1fa built 2024-01-16 01:25:28)
/run/user/10003/gvfs/ non-existent directory
Error: Please select a file
Compute device selected: CUDA
Accelerated render = True
<bpy_collection[3], CyclesPreferences.devices>
Device enabled (CUDA) = True
Device enabled (CPU) = False
Device enabled (OPTIX) = False
Error: Please select a file
Failed to render /hdd/taohu/Data/Objaverse/Data/hf-objaverse-v1/glbs/000-153/48c71ebadc8f402b8ee9dbe1aa0add4d.glb
Error: Please select a file


Blender quit

Blender quit
Blender 3.3.15 (hash ec91541af1fa built 2024-01-16 01:25:28)
/run/user/10003/gvfs/ non-existent directory
Error: Please select a file
Blender 3.3.15 (hash ec91541af1fa built 2024-01-16 01:25:28)
/run/user/10003/gvfs/ non-existent directory
Error: Please select a file
Compute device selected: CUDA
Accelerated render = True
<bpy_collection[3], CyclesPreferences.devices>
Device enabled (CUDA) = True
Device enabled (CPU) = False
Device enabled (OPTIX) = False
Error: Please select a file
Failed to render /hdd/taohu/Data/Objaverse/Data/hf-objaverse-v1/glbs/000-000/03af8be8df5946229b9bc30b6dcb2c54.glb
Error: Please select a file

Compute device selected: CUDA
Accelerated render = True
<bpy_collection[3], CyclesPreferences.devices>
Device enabled (CUDA) = True
Device enabled (CPU) = False
Device enabled (OPTIX) = False
Error: Please select a file
Failed to render /hdd/taohu/Data/Objaverse/Data/hf-objaverse-v1/glbs/000-129/ef9ce8907ca946bab24db90588bf15b3.glb
Error: Please select a file


Blender quit

Blender quit
Blender 3.3.15 (hash ec91541af1fa built 2024-01-16 01:25:28)
/run/user/10003/gvfs/ non-existent directory
Error: Please select a file
Blender 3.3.15 (hash ec91541af1fa built 2024-01-16 01:25:28)
/run/user/10003/gvfs/ non-existent directory
Error: Please select a file
Compute device selected: CUDA
Accelerated render = True
<bpy_collection[3], CyclesPreferences.devices>
Device enabled (CUDA) = True
Device enabled (CPU) = False
Device enabled (OPTIX) = False
Error: Please select a file
Failed to render /hdd/taohu/Data/Objaverse/Data/hf-objaverse-v1/glbs/000-124/be162fbb800a41188853844ff0779fc6.glb
Error: Please select a file

Compute device selected: CUDA
Accelerated render = True
<bpy_collection[3], CyclesPreferences.devices>
Device enabled (CUDA) = True
Device enabled (CPU) = False
Device enabled (OPTIX) = False
Error: Please select a file
Failed to render /hdd/taohu/Data/Objaverse/Data/hf-objaverse-v1/glbs/000-085/13fe81d0df8d4803be04f74b10ac0556.glb
Error: Please select a file


Blender quit

Blender quit
Blender 3.3.15 (hash ec91541af1fa built 2024-01-16 01:25:28)
/run/user/10003/gvfs/ non-existent directory
Error: Please select a file
Compute device selected: CUDA
Accelerated render = True
<bpy_collection[3], CyclesPreferences.devices>
Device enabled (CUDA) = True
Device enabled (CPU) = False
Device enabled (OPTIX) = False
Error: Please select a file
Failed to render /hdd/taohu/Data/Objaverse/Data/hf-objaverse-v1/glbs/000-122/c078c5bab5a640dc94d39524feeb1309.glb
Error: Please select a file

Blender 3.3.15 (hash ec91541af1fa built 2024-01-16 01:25:28)
/run/user/10003/gvfs/ non-existent directory
Error: Please select a file
Compute device selected: CUDA
Accelerated render = True
<bpy_collection[3], CyclesPreferences.devices>
Device enabled (CUDA) = True
Device enabled (CPU) = False
Device enabled (OPTIX) = False
Error: Please select a file
Failed to render /hdd/taohu/Data/Objaverse/Data/hf-objaverse-v1/glbs/000-019/a61976950fe548a2b621fdd14b28538f.glb
Error: Please select a file


Blender quit

Blender quit
Blender 3.3.15 (hash ec91541af1fa built 2024-01-16 01:25:28)
/run/user/10003/gvfs/ non-existent directory
Error: Please select a file
Compute device selected: CUDA
Accelerated render = True
<bpy_collection[3], CyclesPreferences.devices>
Device enabled (CUDA) = True
Device enabled (CPU) = False
Device enabled (OPTIX) = False
Error: Please select a file
Failed to render /hdd/taohu/Data/Objaverse/Data/hf-objaverse-v1/glbs/000-145/2cdee0458f00495caa05ece70b6e7121.glb
Error: Please select a file

Blender 3.3.15 (hash ec91541af1fa built 2024-01-16 01:25:28)
/run/user/10003/gvfs/ non-existent directory
Error: Please select a file
Compute device selected: CUDA
Accelerated render = True
<bpy_collection[3], CyclesPreferences.devices>
Device enabled (CUDA) = True
Device enabled (CPU) = False
Device enabled (OPTIX) = False
Error: Please select a file
Failed to render /hdd/taohu/Data/Objaverse/Data/hf-objaverse-v1/glbs/000-119/60ea790042904974b3361a2add8e7921.glb
Error: Please select a file


Blender quit

Blender quit
Blender 3.3.15 (hash ec91541af1fa built 2024-01-16 01:25:28)
/run/user/10003/gvfs/ non-existent directory

Sent an internal break event. Press ^C again to kill Blender
Error: Please select a file
Blender 3.3.15 (hash ec91541af1fa built 2024-01-16 01:25:28)
/run/user/10003/gvfs/ non-existent directory

Sent an internal break event. Press ^C again to kill Blender
Error: Please select a file
Compute device selected: CUDA
Accelerated render = True
<bpy_collection[3], CyclesPreferences.devices>
Device enabled (CUDA) = True
Device enabled (CPU) = False
Device enabled (OPTIX) = False
Error: Please select a file
Failed to render /hdd/taohu/Data/Objaverse/Data/hf-objaverse-v1/glbs/000-045/b5956cbf795e42eb9e0e6df8aeaf6a5f.glb
Error: Please select a file

Compute device selected: CUDA
Accelerated render = True
<bpy_collection[3], CyclesPreferences.devices>
Device enabled (CUDA) = True
Device enabled (CPU) = False
Device enabled (OPTIX) = False
Error: Please select a file
Failed to render /hdd/taohu/Data/Objaverse/Data/hf-objaverse-v1/glbs/000-089/563a01e3d4d84e078eca33ec7c2d1479.glb
Error: Please select a file


Blender quit

Blender quit
Compute device selected: CUDA
Accelerated render = True
<bpy_collection[3], CyclesPreferences.devices>
Device enabled (CUDA) = True
Device enabled (CPU) = False
Device enabled (OPTIX) = False
Failed to render /data/taohu/Program/Paper/X-Ray/example/meshes/10716a366de708b8fac96522b26f7fd/models/10716a366de708b8fac96522b26f7fd.obj
Unsupported file type: /data/taohu/Program/Paper/X-Ray/example/meshes/10716a366de708b8fac96522b26f7fd/models/10716a366de708b8fac96522b26f7fd.obj
Blender 3.3.15 (hash ec91541af1fa built 2024-01-16 01:25:28)
/run/user/10003/gvfs/ non-existent directory

Blender quit
Blender 3.3.15 (hash ec91541af1fa built 2024-01-16 01:25:28)
/run/user/10003/gvfs/ non-existent directory
Fra:1 Mem:25.65M (Peak 31.33M) | Time:00:00.45 | Mem:0.00M, Peak:0.00M | Scene, ViewLayer | Synchronizing object | 10716a366de708b8fac96522b26f7fd
Fra:1 Mem:28.55M (Peak 37.85M) | Time:00:00.51 | Mem:0.00M, Peak:0.00M | Scene, ViewLayer | Initializing
Fra:1 Mem:22.82M (Peak 37.85M) | Time:00:00.51 | Mem:0.00M, Peak:0.00M | Scene, ViewLayer | Waiting for render to start
Fra:1 Mem:22.82M (Peak 37.85M) | Time:00:00.52 | Mem:0.00M, Peak:0.00M | Scene, ViewLayer | Loading render kernels (may take a few minutes the first time)
Fra:1 Mem:22.82M (Peak 37.85M) | Time:00:00.82 | Mem:0.00M, Peak:0.00M | Scene, ViewLayer | Updating Scene
Fra:1 Mem:22.82M (Peak 37.85M) | Time:00:00.82 | Mem:0.00M, Peak:0.00M | Scene, ViewLayer | Updating Shaders
Fra:1 Mem:23.33M (Peak 37.85M) | Time:00:00.95 | Mem:0.01M, Peak:0.01M | Scene, ViewLayer | Updating Procedurals
Fra:1 Mem:23.33M (Peak 37.85M) | Time:00:00.95 | Mem:0.01M, Peak:0.01M | Scene, ViewLayer | Updating Background
Fra:1 Mem:23.33M (Peak 37.85M) | Time:00:00.95 | Mem:0.01M, Peak:0.01M | Scene, ViewLayer | Updating Camera
Fra:1 Mem:23.33M (Peak 37.85M) | Time:00:00.95 | Mem:0.01M, Peak:0.01M | Scene, ViewLayer | Updating Meshes Flags
Fra:1 Mem:23.33M (Peak 37.85M) | Time:00:00.95 | Mem:0.01M, Peak:0.01M | Scene, ViewLayer | Updating Objects
Fra:1 Mem:23.33M (Peak 37.85M) | Time:00:00.95 | Mem:0.01M, Peak:0.01M | Scene, ViewLayer | Updating Objects | Copying Transformations to device
Fra:1 Mem:23.33M (Peak 37.85M) | Time:00:00.95 | Mem:0.01M, Peak:0.01M | Scene, ViewLayer | Updating Objects | Applying Static Transformations
Fra:1 Mem:23.33M (Peak 37.85M) | Time:00:00.95 | Mem:0.01M, Peak:0.01M | Scene, ViewLayer | Updating Particle Systems
Fra:1 Mem:23.33M (Peak 37.85M) | Time:00:00.95 | Mem:0.01M, Peak:0.01M | Scene, ViewLayer | Updating Particle Systems | Copying Particles to device
Fra:1 Mem:23.33M (Peak 37.85M) | Time:00:00.96 | Mem:0.01M, Peak:0.01M | Scene, ViewLayer | Updating Meshes
Fra:1 Mem:23.84M (Peak 37.85M) | Time:00:00.96 | Mem:0.01M, Peak:0.01M | Scene, ViewLayer | Updating Mesh | Computing attributes
Fra:1 Mem:25.00M (Peak 37.85M) | Time:00:00.96 | Mem:0.01M, Peak:0.01M | Scene, ViewLayer | Updating Mesh | Copying Attributes to device
Fra:1 Mem:25.00M (Peak 37.85M) | Time:00:00.97 | Mem:1.17M, Peak:1.17M | Scene, ViewLayer | Updating Scene BVH | Building
Fra:1 Mem:25.00M (Peak 37.85M) | Time:00:00.97 | Mem:1.17M, Peak:1.17M | Scene, ViewLayer | Updating Scene BVH | Building BVH
Fra:1 Mem:26.92M (Peak 37.85M) | Time:00:00.99 | Mem:1.17M, Peak:1.17M | Scene, ViewLayer | Updating Scene BVH | Packing BVH triangles and strands
Fra:1 Mem:27.05M (Peak 37.85M) | Time:00:00.99 | Mem:1.17M, Peak:1.17M | Scene, ViewLayer | Updating Scene BVH | Packing BVH nodes
Fra:1 Mem:27.07M (Peak 37.85M) | Time:00:01.00 | Mem:1.17M, Peak:1.17M | Scene, ViewLayer | Updating Scene BVH | Copying BVH to device
Fra:1 Mem:27.07M (Peak 37.85M) | Time:00:01.02 | Mem:2.21M, Peak:2.21M | Scene, ViewLayer | Updating Mesh | Computing normals
Fra:1 Mem:29.65M (Peak 37.85M) | Time:00:01.02 | Mem:2.21M, Peak:2.21M | Scene, ViewLayer | Updating Mesh | Copying Mesh to device
Fra:1 Mem:29.65M (Peak 37.85M) | Time:00:01.03 | Mem:4.79M, Peak:4.79M | Scene, ViewLayer | Updating Objects Flags
Fra:1 Mem:29.65M (Peak 37.85M) | Time:00:01.04 | Mem:4.79M, Peak:4.79M | Scene, ViewLayer | Updating Primitive Offsets
Fra:1 Mem:29.65M (Peak 37.85M) | Time:00:01.04 | Mem:4.79M, Peak:4.79M | Scene, ViewLayer | Updating Images
Fra:1 Mem:29.65M (Peak 37.85M) | Time:00:01.04 | Mem:4.79M, Peak:4.79M | Scene, ViewLayer | Updating Images | Loading texture0.png
Fra:1 Mem:29.70M (Peak 37.85M) | Time:00:01.04 | Mem:4.82M, Peak:4.82M | Scene, ViewLayer | Updating Camera Volume
Fra:1 Mem:29.70M (Peak 37.85M) | Time:00:01.04 | Mem:4.82M, Peak:4.82M | Scene, ViewLayer | Updating Lookup Tables
Fra:1 Mem:29.70M (Peak 37.85M) | Time:00:01.04 | Mem:5.07M, Peak:5.07M | Scene, ViewLayer | Updating Lights
Fra:1 Mem:29.70M (Peak 37.85M) | Time:00:01.05 | Mem:5.07M, Peak:5.07M | Scene, ViewLayer | Updating Lights | Computing distribution
Fra:1 Mem:29.70M (Peak 37.85M) | Time:00:01.05 | Mem:5.07M, Peak:5.07M | Scene, ViewLayer | Updating Integrator
Fra:1 Mem:29.70M (Peak 37.85M) | Time:00:01.06 | Mem:5.08M, Peak:5.08M | Scene, ViewLayer | Updating Film
Fra:1 Mem:29.71M (Peak 37.85M) | Time:00:01.06 | Mem:4.83M, Peak:5.08M | Scene, ViewLayer | Updating Lookup Tables
Fra:1 Mem:29.71M (Peak 37.85M) | Time:00:01.06 | Mem:5.08M, Peak:5.08M | Scene, ViewLayer | Updating Baking
Fra:1 Mem:29.71M (Peak 37.85M) | Time:00:01.06 | Mem:5.08M, Peak:5.08M | Scene, ViewLayer | Updating Device | Writing constant memory
Fra:1 Mem:29.71M (Peak 37.85M) | Time:00:01.06 | Mem:5.08M, Peak:5.08M | Scene, ViewLayer | Loading denoising kernels (may take a few minutes the first time)
Fra:1 Mem:43.03M (Peak 43.03M) | Time:00:01.08 | Mem:1110.03M, Peak:1110.03M | Scene, ViewLayer | Sample 0/32
Fra:1 Mem:62.03M (Peak 62.03M) | Time:00:01.15 | Remaining:00:01.94 | Mem:1129.04M, Peak:1129.04M | Scene, ViewLayer | Sample 1/32
Fra:1 Mem:70.04M (Peak 82.04M) | Time:00:01.59 | Mem:1129.05M, Peak:1129.05M | Scene, ViewLayer | Sample 32/32
Fra:1 Mem:70.04M (Peak 82.04M) | Time:00:01.59 | Mem:1129.05M, Peak:1129.05M | Scene, ViewLayer | Finished
Saved: 'Data/Custom/images/10716a366de708b8fac96522b26f7fd/000.png'
 Time: 00:01.96 (Saving: 00:00.26)

Fra:1 Mem:25.90M (Peak 31.57M) | Time:00:00.47 | Mem:0.00M, Peak:0.00M | Scene, ViewLayer | Synchronizing object | 10716a366de708b8fac96522b26f7fd
Fra:1 Mem:28.80M (Peak 38.10M) | Time:00:00.53 | Mem:0.00M, Peak:0.00M | Scene, ViewLayer | Initializing
Fra:1 Mem:23.07M (Peak 38.10M) | Time:00:00.53 | Mem:0.00M, Peak:0.00M | Scene, ViewLayer | Waiting for render to start
Fra:1 Mem:23.07M (Peak 38.10M) | Time:00:00.53 | Mem:0.00M, Peak:0.00M | Scene, ViewLayer | Loading render kernels (may take a few minutes the first time)
Fra:1 Mem:23.07M (Peak 38.10M) | Time:00:00.69 | Mem:0.00M, Peak:0.00M | Scene, ViewLayer | Updating Scene
Fra:1 Mem:23.07M (Peak 38.10M) | Time:00:00.69 | Mem:0.00M, Peak:0.00M | Scene, ViewLayer | Updating Shaders
Fra:1 Mem:23.33M (Peak 38.10M) | Time:00:00.69 | Mem:0.01M, Peak:0.01M | Scene, ViewLayer | Updating Procedurals
Fra:1 Mem:23.33M (Peak 38.10M) | Time:00:00.69 | Mem:0.01M, Peak:0.01M | Scene, ViewLayer | Updating Background
Fra:1 Mem:23.33M (Peak 38.10M) | Time:00:00.69 | Mem:0.01M, Peak:0.01M | Scene, ViewLayer | Updating Camera
Fra:1 Mem:23.33M (Peak 38.10M) | Time:00:00.69 | Mem:0.01M, Peak:0.01M | Scene, ViewLayer | Updating Meshes Flags
Fra:1 Mem:23.33M (Peak 38.10M) | Time:00:00.69 | Mem:0.01M, Peak:0.01M | Scene, ViewLayer | Updating Objects
Fra:1 Mem:23.33M (Peak 38.10M) | Time:00:00.69 | Mem:0.01M, Peak:0.01M | Scene, ViewLayer | Updating Objects | Copying Transformations to device
Fra:1 Mem:23.33M (Peak 38.10M) | Time:00:00.70 | Mem:0.01M, Peak:0.01M | Scene, ViewLayer | Updating Objects | Applying Static Transformations
Fra:1 Mem:23.33M (Peak 38.10M) | Time:00:00.70 | Mem:0.01M, Peak:0.01M | Scene, ViewLayer | Updating Particle Systems
Fra:1 Mem:23.33M (Peak 38.10M) | Time:00:00.70 | Mem:0.01M, Peak:0.01M | Scene, ViewLayer | Updating Particle Systems | Copying Particles to device
Fra:1 Mem:23.33M (Peak 38.10M) | Time:00:00.70 | Mem:0.01M, Peak:0.01M | Scene, ViewLayer | Updating Meshes
Fra:1 Mem:23.84M (Peak 38.10M) | Time:00:00.70 | Mem:0.01M, Peak:0.01M | Scene, ViewLayer | Updating Mesh | Computing attributes
Fra:1 Mem:25.00M (Peak 38.10M) | Time:00:00.71 | Mem:0.01M, Peak:0.01M | Scene, ViewLayer | Updating Mesh | Copying Attributes to device
Fra:1 Mem:25.00M (Peak 38.10M) | Time:00:00.71 | Mem:1.17M, Peak:1.17M | Scene, ViewLayer | Updating Scene BVH | Building
Fra:1 Mem:25.00M (Peak 38.10M) | Time:00:00.71 | Mem:1.17M, Peak:1.17M | Scene, ViewLayer | Updating Scene BVH | Building BVH
Fra:1 Mem:26.92M (Peak 38.10M) | Time:00:00.73 | Mem:1.17M, Peak:1.17M | Scene, ViewLayer | Updating Scene BVH | Packing BVH triangles and strands
Fra:1 Mem:27.05M (Peak 38.10M) | Time:00:00.73 | Mem:1.17M, Peak:1.17M | Scene, ViewLayer | Updating Scene BVH | Packing BVH nodes
Fra:1 Mem:27.07M (Peak 38.10M) | Time:00:00.73 | Mem:1.17M, Peak:1.17M | Scene, ViewLayer | Updating Scene BVH | Copying BVH to device
Fra:1 Mem:27.07M (Peak 38.10M) | Time:00:00.74 | Mem:2.21M, Peak:2.21M | Scene, ViewLayer | Updating Mesh | Computing normals
Fra:1 Mem:29.65M (Peak 38.10M) | Time:00:00.74 | Mem:2.21M, Peak:2.21M | Scene, ViewLayer | Updating Mesh | Copying Mesh to device
Fra:1 Mem:29.65M (Peak 38.10M) | Time:00:00.76 | Mem:4.79M, Peak:4.79M | Scene, ViewLayer | Updating Objects Flags
Fra:1 Mem:29.65M (Peak 38.10M) | Time:00:00.77 | Mem:4.79M, Peak:4.79M | Scene, ViewLayer | Updating Primitive Offsets
Fra:1 Mem:29.65M (Peak 38.10M) | Time:00:00.77 | Mem:4.79M, Peak:4.79M | Scene, ViewLayer | Updating Images
Fra:1 Mem:29.65M (Peak 38.10M) | Time:00:00.77 | Mem:4.79M, Peak:4.79M | Scene, ViewLayer | Updating Images | Loading texture0.png
Fra:1 Mem:29.70M (Peak 38.10M) | Time:00:00.77 | Mem:4.82M, Peak:4.82M | Scene, ViewLayer | Updating Camera Volume
Fra:1 Mem:29.70M (Peak 38.10M) | Time:00:00.77 | Mem:4.82M, Peak:4.82M | Scene, ViewLayer | Updating Lookup Tables
Fra:1 Mem:29.70M (Peak 38.10M) | Time:00:00.77 | Mem:5.07M, Peak:5.07M | Scene, ViewLayer | Updating Lights
Fra:1 Mem:29.70M (Peak 38.10M) | Time:00:00.77 | Mem:5.07M, Peak:5.07M | Scene, ViewLayer | Updating Lights | Computing distribution
Fra:1 Mem:29.70M (Peak 38.10M) | Time:00:00.78 | Mem:5.07M, Peak:5.07M | Scene, ViewLayer | Updating Integrator
Fra:1 Mem:29.70M (Peak 38.10M) | Time:00:00.78 | Mem:5.08M, Peak:5.08M | Scene, ViewLayer | Updating Film
Fra:1 Mem:29.71M (Peak 38.10M) | Time:00:00.79 | Mem:4.83M, Peak:5.08M | Scene, ViewLayer | Updating Lookup Tables
Fra:1 Mem:29.71M (Peak 38.10M) | Time:00:00.79 | Mem:5.08M, Peak:5.08M | Scene, ViewLayer | Updating Baking
Fra:1 Mem:29.71M (Peak 38.10M) | Time:00:00.79 | Mem:5.08M, Peak:5.08M | Scene, ViewLayer | Updating Device | Writing constant memory
Fra:1 Mem:29.71M (Peak 38.10M) | Time:00:00.79 | Mem:5.08M, Peak:5.08M | Scene, ViewLayer | Loading denoising kernels (may take a few minutes the first time)
Fra:1 Mem:43.03M (Peak 43.03M) | Time:00:00.81 | Mem:1110.03M, Peak:1110.03M | Scene, ViewLayer | Sample 0/32
Fra:1 Mem:62.03M (Peak 62.03M) | Time:00:00.92 | Remaining:00:03.40 | Mem:1129.04M, Peak:1129.04M | Scene, ViewLayer | Sample 1/32
Fra:1 Mem:70.04M (Peak 82.04M) | Time:00:01.22 | Mem:1129.05M, Peak:1129.05M | Scene, ViewLayer | Sample 32/32
Fra:1 Mem:70.04M (Peak 82.04M) | Time:00:01.22 | Mem:1129.05M, Peak:1129.05M | Scene, ViewLayer | Finished
Saved: 'Data/Custom/images/10716a366de708b8fac96522b26f7fd/001.png'
 Time: 00:01.36 (Saving: 00:00.03)

Fra:1 Mem:25.90M (Peak 32.46M) | Time:00:00.86 | Mem:0.00M, Peak:0.00M | Scene, ViewLayer | Synchronizing object | 10716a366de708b8fac96522b26f7fd
Fra:1 Mem:28.80M (Peak 38.10M) | Time:00:00.91 | Mem:0.00M, Peak:0.00M | Scene, ViewLayer | Initializing
Fra:1 Mem:23.07M (Peak 38.10M) | Time:00:00.92 | Mem:0.00M, Peak:0.00M | Scene, ViewLayer | Waiting for render to start
Fra:1 Mem:23.07M (Peak 38.10M) | Time:00:00.92 | Mem:0.00M, Peak:0.00M | Scene, ViewLayer | Loading render kernels (may take a few minutes the first time)
Fra:1 Mem:23.07M (Peak 38.10M) | Time:00:01.13 | Mem:0.00M, Peak:0.00M | Scene, ViewLayer | Updating Scene
Fra:1 Mem:23.07M (Peak 38.10M) | Time:00:01.13 | Mem:0.00M, Peak:0.00M | Scene, ViewLayer | Updating Shaders
Fra:1 Mem:23.33M (Peak 38.10M) | Time:00:01.13 | Mem:0.01M, Peak:0.01M | Scene, ViewLayer | Updating Procedurals
Fra:1 Mem:23.33M (Peak 38.10M) | Time:00:01.13 | Mem:0.01M, Peak:0.01M | Scene, ViewLayer | Updating Background
Fra:1 Mem:23.33M (Peak 38.10M) | Time:00:01.13 | Mem:0.01M, Peak:0.01M | Scene, ViewLayer | Updating Camera
Fra:1 Mem:23.33M (Peak 38.10M) | Time:00:01.13 | Mem:0.01M, Peak:0.01M | Scene, ViewLayer | Updating Meshes Flags
Fra:1 Mem:23.33M (Peak 38.10M) | Time:00:01.13 | Mem:0.01M, Peak:0.01M | Scene, ViewLayer | Updating Objects
Fra:1 Mem:23.33M (Peak 38.10M) | Time:00:01.13 | Mem:0.01M, Peak:0.01M | Scene, ViewLayer | Updating Objects | Copying Transformations to device
Fra:1 Mem:23.33M (Peak 38.10M) | Time:00:01.14 | Mem:0.01M, Peak:0.01M | Scene, ViewLayer | Updating Objects | Applying Static Transformations
Fra:1 Mem:23.33M (Peak 38.10M) | Time:00:01.14 | Mem:0.01M, Peak:0.01M | Scene, ViewLayer | Updating Particle Systems
Fra:1 Mem:23.33M (Peak 38.10M) | Time:00:01.14 | Mem:0.01M, Peak:0.01M | Scene, ViewLayer | Updating Particle Systems | Copying Particles to device
Fra:1 Mem:23.33M (Peak 38.10M) | Time:00:01.14 | Mem:0.01M, Peak:0.01M | Scene, ViewLayer | Updating Meshes
Fra:1 Mem:23.84M (Peak 38.10M) | Time:00:01.14 | Mem:0.01M, Peak:0.01M | Scene, ViewLayer | Updating Mesh | Computing attributes
Fra:1 Mem:25.00M (Peak 38.10M) | Time:00:01.15 | Mem:0.01M, Peak:0.01M | Scene, ViewLayer | Updating Mesh | Copying Attributes to device
Fra:1 Mem:25.00M (Peak 38.10M) | Time:00:01.15 | Mem:1.17M, Peak:1.17M | Scene, ViewLayer | Updating Scene BVH | Building
Fra:1 Mem:25.00M (Peak 38.10M) | Time:00:01.15 | Mem:1.17M, Peak:1.17M | Scene, ViewLayer | Updating Scene BVH | Building BVH
Fra:1 Mem:26.92M (Peak 38.10M) | Time:00:01.17 | Mem:1.17M, Peak:1.17M | Scene, ViewLayer | Updating Scene BVH | Packing BVH triangles and strands
Fra:1 Mem:27.05M (Peak 38.10M) | Time:00:01.17 | Mem:1.17M, Peak:1.17M | Scene, ViewLayer | Updating Scene BVH | Packing BVH nodes
Fra:1 Mem:27.07M (Peak 38.10M) | Time:00:01.17 | Mem:1.17M, Peak:1.17M | Scene, ViewLayer | Updating Scene BVH | Copying BVH to device
Fra:1 Mem:27.07M (Peak 38.10M) | Time:00:01.19 | Mem:2.21M, Peak:2.21M | Scene, ViewLayer | Updating Mesh | Computing normals
Fra:1 Mem:29.65M (Peak 38.10M) | Time:00:01.19 | Mem:2.21M, Peak:2.21M | Scene, ViewLayer | Updating Mesh | Copying Mesh to device
Fra:1 Mem:29.65M (Peak 38.10M) | Time:00:01.21 | Mem:4.79M, Peak:4.79M | Scene, ViewLayer | Updating Objects Flags
Fra:1 Mem:29.65M (Peak 38.10M) | Time:00:01.22 | Mem:4.79M, Peak:4.79M | Scene, ViewLayer | Updating Primitive Offsets
Fra:1 Mem:29.65M (Peak 38.10M) | Time:00:01.22 | Mem:4.79M, Peak:4.79M | Scene, ViewLayer | Updating Images
Fra:1 Mem:29.65M (Peak 38.10M) | Time:00:01.22 | Mem:4.79M, Peak:4.79M | Scene, ViewLayer | Updating Images | Loading texture0.png
Fra:1 Mem:29.70M (Peak 38.10M) | Time:00:01.22 | Mem:4.82M, Peak:4.82M | Scene, ViewLayer | Updating Camera Volume
Fra:1 Mem:29.70M (Peak 38.10M) | Time:00:01.22 | Mem:4.82M, Peak:4.82M | Scene, ViewLayer | Updating Lookup Tables
Fra:1 Mem:29.70M (Peak 38.10M) | Time:00:01.22 | Mem:5.07M, Peak:5.07M | Scene, ViewLayer | Updating Lights
Fra:1 Mem:29.70M (Peak 38.10M) | Time:00:01.22 | Mem:5.07M, Peak:5.07M | Scene, ViewLayer | Updating Lights | Computing distribution
Fra:1 Mem:29.70M (Peak 38.10M) | Time:00:01.23 | Mem:5.07M, Peak:5.07M | Scene, ViewLayer | Updating Integrator
Fra:1 Mem:29.70M (Peak 38.10M) | Time:00:01.23 | Mem:5.08M, Peak:5.08M | Scene, ViewLayer | Updating Film
Fra:1 Mem:29.71M (Peak 38.10M) | Time:00:01.23 | Mem:4.83M, Peak:5.08M | Scene, ViewLayer | Updating Lookup Tables
Fra:1 Mem:29.71M (Peak 38.10M) | Time:00:01.23 | Mem:5.08M, Peak:5.08M | Scene, ViewLayer | Updating Baking
Fra:1 Mem:29.71M (Peak 38.10M) | Time:00:01.24 | Mem:5.08M, Peak:5.08M | Scene, ViewLayer | Updating Device | Writing constant memory
Fra:1 Mem:29.71M (Peak 38.10M) | Time:00:01.24 | Mem:5.08M, Peak:5.08M | Scene, ViewLayer | Loading denoising kernels (may take a few minutes the first time)
Fra:1 Mem:43.03M (Peak 43.03M) | Time:00:01.27 | Mem:1110.03M, Peak:1110.03M | Scene, ViewLayer | Sample 0/32
Fra:1 Mem:62.03M (Peak 62.03M) | Time:00:01.37 | Remaining:00:03.02 | Mem:1129.04M, Peak:1129.04M | Scene, ViewLayer | Sample 1/32
Fra:1 Mem:70.04M (Peak 82.04M) | Time:00:01.70 | Mem:1129.05M, Peak:1129.05M | Scene, ViewLayer | Sample 32/32
Fra:1 Mem:70.04M (Peak 82.04M) | Time:00:01.70 | Mem:1129.05M, Peak:1129.05M | Scene, ViewLayer | Finished
Saved: 'Data/Custom/images/10716a366de708b8fac96522b26f7fd/002.png'
 Time: 00:01.87 (Saving: 00:00.08)

Fra:1 Mem:25.90M (Peak 32.26M) | Time:00:00.50 | Mem:0.00M, Peak:0.00M | Scene, ViewLayer | Synchronizing object | 10716a366de708b8fac96522b26f7fd
Fra:1 Mem:28.80M (Peak 38.10M) | Time:00:00.56 | Mem:0.00M, Peak:0.00M | Scene, ViewLayer | Initializing
Fra:1 Mem:23.07M (Peak 38.10M) | Time:00:00.56 | Mem:0.00M, Peak:0.00M | Scene, ViewLayer | Waiting for render to start
Fra:1 Mem:23.07M (Peak 38.10M) | Time:00:00.56 | Mem:0.00M, Peak:0.00M | Scene, ViewLayer | Loading render kernels (may take a few minutes the first time)
Fra:1 Mem:23.07M (Peak 38.10M) | Time:00:00.78 | Mem:0.00M, Peak:0.00M | Scene, ViewLayer | Updating Scene
Fra:1 Mem:23.07M (Peak 38.10M) | Time:00:00.78 | Mem:0.00M, Peak:0.00M | Scene, ViewLayer | Updating Shaders
Fra:1 Mem:23.33M (Peak 38.10M) | Time:00:00.78 | Mem:0.01M, Peak:0.01M | Scene, ViewLayer | Updating Procedurals
Fra:1 Mem:23.33M (Peak 38.10M) | Time:00:00.78 | Mem:0.01M, Peak:0.01M | Scene, ViewLayer | Updating Background
Fra:1 Mem:23.33M (Peak 38.10M) | Time:00:00.78 | Mem:0.01M, Peak:0.01M | Scene, ViewLayer | Updating Camera
Fra:1 Mem:23.33M (Peak 38.10M) | Time:00:00.78 | Mem:0.01M, Peak:0.01M | Scene, ViewLayer | Updating Meshes Flags
Fra:1 Mem:23.33M (Peak 38.10M) | Time:00:00.78 | Mem:0.01M, Peak:0.01M | Scene, ViewLayer | Updating Objects
Fra:1 Mem:23.33M (Peak 38.10M) | Time:00:00.78 | Mem:0.01M, Peak:0.01M | Scene, ViewLayer | Updating Objects | Copying Transformations to device
Fra:1 Mem:23.33M (Peak 38.10M) | Time:00:00.79 | Mem:0.01M, Peak:0.01M | Scene, ViewLayer | Updating Objects | Applying Static Transformations
Fra:1 Mem:23.33M (Peak 38.10M) | Time:00:00.79 | Mem:0.01M, Peak:0.01M | Scene, ViewLayer | Updating Particle Systems
Fra:1 Mem:23.33M (Peak 38.10M) | Time:00:00.79 | Mem:0.01M, Peak:0.01M | Scene, ViewLayer | Updating Particle Systems | Copying Particles to device
Fra:1 Mem:23.33M (Peak 38.10M) | Time:00:00.79 | Mem:0.01M, Peak:0.01M | Scene, ViewLayer | Updating Meshes
Fra:1 Mem:23.84M (Peak 38.10M) | Time:00:00.79 | Mem:0.01M, Peak:0.01M | Scene, ViewLayer | Updating Mesh | Computing attributes
Fra:1 Mem:25.00M (Peak 38.10M) | Time:00:00.80 | Mem:0.01M, Peak:0.01M | Scene, ViewLayer | Updating Mesh | Copying Attributes to device
Fra:1 Mem:25.00M (Peak 38.10M) | Time:00:00.80 | Mem:1.17M, Peak:1.17M | Scene, ViewLayer | Updating Scene BVH | Building
Fra:1 Mem:25.00M (Peak 38.10M) | Time:00:00.80 | Mem:1.17M, Peak:1.17M | Scene, ViewLayer | Updating Scene BVH | Building BVH
Fra:1 Mem:26.92M (Peak 38.10M) | Time:00:00.82 | Mem:1.17M, Peak:1.17M | Scene, ViewLayer | Updating Scene BVH | Packing BVH triangles and strands
Fra:1 Mem:27.05M (Peak 38.10M) | Time:00:00.82 | Mem:1.17M, Peak:1.17M | Scene, ViewLayer | Updating Scene BVH | Packing BVH nodes
Fra:1 Mem:27.07M (Peak 38.10M) | Time:00:00.83 | Mem:1.17M, Peak:1.17M | Scene, ViewLayer | Updating Scene BVH | Copying BVH to device
Fra:1 Mem:27.07M (Peak 38.10M) | Time:00:00.84 | Mem:2.21M, Peak:2.21M | Scene, ViewLayer | Updating Mesh | Computing normals
Fra:1 Mem:29.65M (Peak 38.10M) | Time:00:00.85 | Mem:2.21M, Peak:2.21M | Scene, ViewLayer | Updating Mesh | Copying Mesh to device
Fra:1 Mem:29.65M (Peak 38.10M) | Time:00:00.85 | Mem:4.79M, Peak:4.79M | Scene, ViewLayer | Updating Objects Flags
Fra:1 Mem:29.65M (Peak 38.10M) | Time:00:00.85 | Mem:4.79M, Peak:4.79M | Scene, ViewLayer | Updating Primitive Offsets
Fra:1 Mem:29.65M (Peak 38.10M) | Time:00:00.85 | Mem:4.79M, Peak:4.79M | Scene, ViewLayer | Updating Images
Fra:1 Mem:29.65M (Peak 38.10M) | Time:00:00.85 | Mem:4.79M, Peak:4.79M | Scene, ViewLayer | Updating Images | Loading texture0.png
Fra:1 Mem:29.70M (Peak 38.10M) | Time:00:00.85 | Mem:4.82M, Peak:4.82M | Scene, ViewLayer | Updating Camera Volume
Fra:1 Mem:29.70M (Peak 38.10M) | Time:00:00.85 | Mem:4.82M, Peak:4.82M | Scene, ViewLayer | Updating Lookup Tables
Fra:1 Mem:29.70M (Peak 38.10M) | Time:00:00.85 | Mem:5.07M, Peak:5.07M | Scene, ViewLayer | Updating Lights
Fra:1 Mem:29.70M (Peak 38.10M) | Time:00:00.86 | Mem:5.07M, Peak:5.07M | Scene, ViewLayer | Updating Lights | Computing distribution
Fra:1 Mem:29.70M (Peak 38.10M) | Time:00:00.86 | Mem:5.07M, Peak:5.07M | Scene, ViewLayer | Updating Integrator
Fra:1 Mem:29.70M (Peak 38.10M) | Time:00:00.86 | Mem:5.08M, Peak:5.08M | Scene, ViewLayer | Updating Film
Fra:1 Mem:29.71M (Peak 38.10M) | Time:00:00.87 | Mem:4.83M, Peak:5.08M | Scene, ViewLayer | Updating Lookup Tables
Fra:1 Mem:29.71M (Peak 38.10M) | Time:00:00.87 | Mem:5.08M, Peak:5.08M | Scene, ViewLayer | Updating Baking
Fra:1 Mem:29.71M (Peak 38.10M) | Time:00:00.87 | Mem:5.08M, Peak:5.08M | Scene, ViewLayer | Updating Device | Writing constant memory
Fra:1 Mem:29.71M (Peak 38.10M) | Time:00:00.87 | Mem:5.08M, Peak:5.08M | Scene, ViewLayer | Loading denoising kernels (may take a few minutes the first time)
Fra:1 Mem:43.03M (Peak 43.03M) | Time:00:00.89 | Mem:1110.03M, Peak:1110.03M | Scene, ViewLayer | Sample 0/32
Fra:1 Mem:62.03M (Peak 62.03M) | Time:00:00.98 | Remaining:00:02.80 | Mem:1129.04M, Peak:1129.04M | Scene, ViewLayer | Sample 1/32
Fra:1 Mem:70.04M (Peak 82.04M) | Time:00:01.28 | Mem:1129.05M, Peak:1129.05M | Scene, ViewLayer | Sample 32/32
Fra:1 Mem:70.04M (Peak 82.04M) | Time:00:01.28 | Mem:1129.05M, Peak:1129.05M | Scene, ViewLayer | Finished
Saved: 'Data/Custom/images/10716a366de708b8fac96522b26f7fd/003.png'
 Time: 00:01.45 (Saving: 00:00.05)

Fra:1 Mem:25.90M (Peak 32.00M) | Time:00:00.68 | Mem:0.00M, Peak:0.00M | Scene, ViewLayer | Synchronizing object | 10716a366de708b8fac96522b26f7fd
Fra:1 Mem:28.80M (Peak 38.10M) | Time:00:00.74 | Mem:0.00M, Peak:0.00M | Scene, ViewLayer | Initializing
Fra:1 Mem:23.07M (Peak 38.10M) | Time:00:00.74 | Mem:0.00M, Peak:0.00M | Scene, ViewLayer | Waiting for render to start
Fra:1 Mem:23.07M (Peak 38.10M) | Time:00:00.74 | Mem:0.00M, Peak:0.00M | Scene, ViewLayer | Loading render kernels (may take a few minutes the first time)
Fra:1 Mem:23.07M (Peak 38.10M) | Time:00:00.86 | Mem:0.00M, Peak:0.00M | Scene, ViewLayer | Updating Scene
Fra:1 Mem:23.07M (Peak 38.10M) | Time:00:00.86 | Mem:0.00M, Peak:0.00M | Scene, ViewLayer | Updating Shaders
Fra:1 Mem:23.33M (Peak 38.10M) | Time:00:00.87 | Mem:0.01M, Peak:0.01M | Scene, ViewLayer | Updating Procedurals
Fra:1 Mem:23.33M (Peak 38.10M) | Time:00:00.87 | Mem:0.01M, Peak:0.01M | Scene, ViewLayer | Updating Background
Fra:1 Mem:23.33M (Peak 38.10M) | Time:00:00.87 | Mem:0.01M, Peak:0.01M | Scene, ViewLayer | Updating Camera
Fra:1 Mem:23.33M (Peak 38.10M) | Time:00:00.87 | Mem:0.01M, Peak:0.01M | Scene, ViewLayer | Updating Meshes Flags
Fra:1 Mem:23.33M (Peak 38.10M) | Time:00:00.87 | Mem:0.01M, Peak:0.01M | Scene, ViewLayer | Updating Objects
Fra:1 Mem:23.33M (Peak 38.10M) | Time:00:00.87 | Mem:0.01M, Peak:0.01M | Scene, ViewLayer | Updating Objects | Copying Transformations to device
Fra:1 Mem:23.33M (Peak 38.10M) | Time:00:00.87 | Mem:0.01M, Peak:0.01M | Scene, ViewLayer | Updating Objects | Applying Static Transformations
Fra:1 Mem:23.33M (Peak 38.10M) | Time:00:00.87 | Mem:0.01M, Peak:0.01M | Scene, ViewLayer | Updating Particle Systems
Fra:1 Mem:23.33M (Peak 38.10M) | Time:00:00.87 | Mem:0.01M, Peak:0.01M | Scene, ViewLayer | Updating Particle Systems | Copying Particles to device
Fra:1 Mem:23.33M (Peak 38.10M) | Time:00:00.88 | Mem:0.01M, Peak:0.01M | Scene, ViewLayer | Updating Meshes
Fra:1 Mem:23.84M (Peak 38.10M) | Time:00:00.88 | Mem:0.01M, Peak:0.01M | Scene, ViewLayer | Updating Mesh | Computing attributes
Fra:1 Mem:25.00M (Peak 38.10M) | Time:00:00.88 | Mem:0.01M, Peak:0.01M | Scene, ViewLayer | Updating Mesh | Copying Attributes to device
Fra:1 Mem:25.00M (Peak 38.10M) | Time:00:00.88 | Mem:1.17M, Peak:1.17M | Scene, ViewLayer | Updating Scene BVH | Building
Fra:1 Mem:25.00M (Peak 38.10M) | Time:00:00.88 | Mem:1.17M, Peak:1.17M | Scene, ViewLayer | Updating Scene BVH | Building BVH
Fra:1 Mem:26.92M (Peak 38.10M) | Time:00:00.90 | Mem:1.17M, Peak:1.17M | Scene, ViewLayer | Updating Scene BVH | Packing BVH triangles and strands
Fra:1 Mem:27.05M (Peak 38.10M) | Time:00:00.90 | Mem:1.17M, Peak:1.17M | Scene, ViewLayer | Updating Scene BVH | Packing BVH nodes
Fra:1 Mem:27.07M (Peak 38.10M) | Time:00:00.90 | Mem:1.17M, Peak:1.17M | Scene, ViewLayer | Updating Scene BVH | Copying BVH to device
Fra:1 Mem:27.07M (Peak 38.10M) | Time:00:00.91 | Mem:2.21M, Peak:2.21M | Scene, ViewLayer | Updating Mesh | Computing normals
Fra:1 Mem:29.65M (Peak 38.10M) | Time:00:00.91 | Mem:2.21M, Peak:2.21M | Scene, ViewLayer | Updating Mesh | Copying Mesh to device
Fra:1 Mem:29.65M (Peak 38.10M) | Time:00:00.93 | Mem:4.79M, Peak:4.79M | Scene, ViewLayer | Updating Objects Flags
Fra:1 Mem:29.65M (Peak 38.10M) | Time:00:00.94 | Mem:4.79M, Peak:4.79M | Scene, ViewLayer | Updating Primitive Offsets
Fra:1 Mem:29.65M (Peak 38.10M) | Time:00:00.94 | Mem:4.79M, Peak:4.79M | Scene, ViewLayer | Updating Images
Fra:1 Mem:29.65M (Peak 38.10M) | Time:00:00.94 | Mem:4.79M, Peak:4.79M | Scene, ViewLayer | Updating Images | Loading texture0.png
Fra:1 Mem:29.70M (Peak 38.10M) | Time:00:00.94 | Mem:4.82M, Peak:4.82M | Scene, ViewLayer | Updating Camera Volume
Fra:1 Mem:29.70M (Peak 38.10M) | Time:00:00.94 | Mem:4.82M, Peak:4.82M | Scene, ViewLayer | Updating Lookup Tables
Fra:1 Mem:29.70M (Peak 38.10M) | Time:00:00.94 | Mem:5.07M, Peak:5.07M | Scene, ViewLayer | Updating Lights
Fra:1 Mem:29.70M (Peak 38.10M) | Time:00:00.94 | Mem:5.07M, Peak:5.07M | Scene, ViewLayer | Updating Lights | Computing distribution
Fra:1 Mem:29.70M (Peak 38.10M) | Time:00:00.95 | Mem:5.07M, Peak:5.07M | Scene, ViewLayer | Updating Integrator
Fra:1 Mem:29.70M (Peak 38.10M) | Time:00:00.95 | Mem:5.08M, Peak:5.08M | Scene, ViewLayer | Updating Film
Fra:1 Mem:29.71M (Peak 38.10M) | Time:00:00.96 | Mem:4.83M, Peak:5.08M | Scene, ViewLayer | Updating Lookup Tables
Fra:1 Mem:29.71M (Peak 38.10M) | Time:00:00.96 | Mem:5.08M, Peak:5.08M | Scene, ViewLayer | Updating Baking
Fra:1 Mem:29.71M (Peak 38.10M) | Time:00:00.96 | Mem:5.08M, Peak:5.08M | Scene, ViewLayer | Updating Device | Writing constant memory
Fra:1 Mem:29.71M (Peak 38.10M) | Time:00:00.96 | Mem:5.08M, Peak:5.08M | Scene, ViewLayer | Loading denoising kernels (may take a few minutes the first time)
Fra:1 Mem:43.03M (Peak 43.03M) | Time:00:00.98 | Mem:1110.03M, Peak:1110.03M | Scene, ViewLayer | Sample 0/32
Fra:1 Mem:62.03M (Peak 62.03M) | Time:00:01.08 | Remaining:00:03.10 | Mem:1129.04M, Peak:1129.04M | Scene, ViewLayer | Sample 1/32
Fra:1 Mem:70.04M (Peak 82.04M) | Time:00:01.41 | Mem:1129.05M, Peak:1129.05M | Scene, ViewLayer | Sample 32/32
Fra:1 Mem:70.04M (Peak 82.04M) | Time:00:01.41 | Mem:1129.05M, Peak:1129.05M | Scene, ViewLayer | Finished
Saved: 'Data/Custom/images/10716a366de708b8fac96522b26f7fd/004.png'
 Time: 00:01.58 (Saving: 00:00.05)

Fra:1 Mem:25.90M (Peak 31.74M) | Time:00:01.09 | Mem:0.00M, Peak:0.00M | Scene, ViewLayer | Synchronizing object | 10716a366de708b8fac96522b26f7fd
Fra:1 Mem:28.80M (Peak 38.10M) | Time:00:01.15 | Mem:0.00M, Peak:0.00M | Scene, ViewLayer | Initializing
Fra:1 Mem:23.07M (Peak 38.10M) | Time:00:01.15 | Mem:0.00M, Peak:0.00M | Scene, ViewLayer | Waiting for render to start
Fra:1 Mem:23.07M (Peak 38.10M) | Time:00:01.15 | Mem:0.00M, Peak:0.00M | Scene, ViewLayer | Loading render kernels (may take a few minutes the first time)
Fra:1 Mem:23.07M (Peak 38.10M) | Time:00:01.37 | Mem:0.00M, Peak:0.00M | Scene, ViewLayer | Updating Scene
Fra:1 Mem:23.07M (Peak 38.10M) | Time:00:01.37 | Mem:0.00M, Peak:0.00M | Scene, ViewLayer | Updating Shaders
Fra:1 Mem:23.33M (Peak 38.10M) | Time:00:01.37 | Mem:0.01M, Peak:0.01M | Scene, ViewLayer | Updating Procedurals
Fra:1 Mem:23.33M (Peak 38.10M) | Time:00:01.37 | Mem:0.01M, Peak:0.01M | Scene, ViewLayer | Updating Background
Fra:1 Mem:23.33M (Peak 38.10M) | Time:00:01.37 | Mem:0.01M, Peak:0.01M | Scene, ViewLayer | Updating Camera
Fra:1 Mem:23.33M (Peak 38.10M) | Time:00:01.37 | Mem:0.01M, Peak:0.01M | Scene, ViewLayer | Updating Meshes Flags
Fra:1 Mem:23.33M (Peak 38.10M) | Time:00:01.37 | Mem:0.01M, Peak:0.01M | Scene, ViewLayer | Updating Objects
Fra:1 Mem:23.33M (Peak 38.10M) | Time:00:01.37 | Mem:0.01M, Peak:0.01M | Scene, ViewLayer | Updating Objects | Copying Transformations to device
Fra:1 Mem:23.33M (Peak 38.10M) | Time:00:01.38 | Mem:0.01M, Peak:0.01M | Scene, ViewLayer | Updating Objects | Applying Static Transformations
Fra:1 Mem:23.33M (Peak 38.10M) | Time:00:01.38 | Mem:0.01M, Peak:0.01M | Scene, ViewLayer | Updating Particle Systems
Fra:1 Mem:23.33M (Peak 38.10M) | Time:00:01.38 | Mem:0.01M, Peak:0.01M | Scene, ViewLayer | Updating Particle Systems | Copying Particles to device
Fra:1 Mem:23.33M (Peak 38.10M) | Time:00:01.38 | Mem:0.01M, Peak:0.01M | Scene, ViewLayer | Updating Meshes
Fra:1 Mem:23.84M (Peak 38.10M) | Time:00:01.39 | Mem:0.01M, Peak:0.01M | Scene, ViewLayer | Updating Mesh | Computing attributes
Fra:1 Mem:25.00M (Peak 38.10M) | Time:00:01.42 | Mem:0.01M, Peak:0.01M | Scene, ViewLayer | Updating Mesh | Copying Attributes to device
Fra:1 Mem:25.00M (Peak 38.10M) | Time:00:01.43 | Mem:1.17M, Peak:1.17M | Scene, ViewLayer | Updating Scene BVH | Building
Fra:1 Mem:25.00M (Peak 38.10M) | Time:00:01.43 | Mem:1.17M, Peak:1.17M | Scene, ViewLayer | Updating Scene BVH | Building BVH
Fra:1 Mem:26.92M (Peak 38.10M) | Time:00:01.45 | Mem:1.17M, Peak:1.17M | Scene, ViewLayer | Updating Scene BVH | Packing BVH triangles and strands
Fra:1 Mem:27.05M (Peak 38.10M) | Time:00:01.45 | Mem:1.17M, Peak:1.17M | Scene, ViewLayer | Updating Scene BVH | Packing BVH nodes
Fra:1 Mem:27.07M (Peak 38.10M) | Time:00:01.45 | Mem:1.17M, Peak:1.17M | Scene, ViewLayer | Updating Scene BVH | Copying BVH to device
Fra:1 Mem:27.07M (Peak 38.10M) | Time:00:01.47 | Mem:2.21M, Peak:2.21M | Scene, ViewLayer | Updating Mesh | Computing normals
Fra:1 Mem:29.65M (Peak 38.10M) | Time:00:01.47 | Mem:2.21M, Peak:2.21M | Scene, ViewLayer | Updating Mesh | Copying Mesh to device
Fra:1 Mem:29.65M (Peak 38.10M) | Time:00:01.49 | Mem:4.79M, Peak:4.79M | Scene, ViewLayer | Updating Objects Flags
Fra:1 Mem:29.65M (Peak 38.10M) | Time:00:01.49 | Mem:4.79M, Peak:4.79M | Scene, ViewLayer | Updating Primitive Offsets
Fra:1 Mem:29.65M (Peak 38.10M) | Time:00:01.49 | Mem:4.79M, Peak:4.79M | Scene, ViewLayer | Updating Images
Fra:1 Mem:29.65M (Peak 38.10M) | Time:00:01.49 | Mem:4.79M, Peak:4.79M | Scene, ViewLayer | Updating Images | Loading texture0.png
Fra:1 Mem:29.70M (Peak 38.10M) | Time:00:01.50 | Mem:4.82M, Peak:4.82M | Scene, ViewLayer | Updating Camera Volume
Fra:1 Mem:29.70M (Peak 38.10M) | Time:00:01.50 | Mem:4.82M, Peak:4.82M | Scene, ViewLayer | Updating Lookup Tables
Fra:1 Mem:29.70M (Peak 38.10M) | Time:00:01.50 | Mem:5.07M, Peak:5.07M | Scene, ViewLayer | Updating Lights
Fra:1 Mem:29.70M (Peak 38.10M) | Time:00:01.50 | Mem:5.07M, Peak:5.07M | Scene, ViewLayer | Updating Lights | Computing distribution
Fra:1 Mem:29.70M (Peak 38.10M) | Time:00:01.51 | Mem:5.07M, Peak:5.07M | Scene, ViewLayer | Updating Integrator
Fra:1 Mem:29.70M (Peak 38.10M) | Time:00:01.51 | Mem:5.08M, Peak:5.08M | Scene, ViewLayer | Updating Film
Fra:1 Mem:29.71M (Peak 38.10M) | Time:00:01.51 | Mem:4.83M, Peak:5.08M | Scene, ViewLayer | Updating Lookup Tables
Fra:1 Mem:29.71M (Peak 38.10M) | Time:00:01.51 | Mem:5.08M, Peak:5.08M | Scene, ViewLayer | Updating Baking
Fra:1 Mem:29.71M (Peak 38.10M) | Time:00:01.51 | Mem:5.08M, Peak:5.08M | Scene, ViewLayer | Updating Device | Writing constant memory
Fra:1 Mem:29.71M (Peak 38.10M) | Time:00:01.52 | Mem:5.08M, Peak:5.08M | Scene, ViewLayer | Loading denoising kernels (may take a few minutes the first time)
Fra:1 Mem:43.03M (Peak 43.03M) | Time:00:01.55 | Mem:1110.03M, Peak:1110.03M | Scene, ViewLayer | Sample 0/32
Fra:1 Mem:62.03M (Peak 62.03M) | Time:00:01.65 | Remaining:00:02.99 | Mem:1129.04M, Peak:1129.04M | Scene, ViewLayer | Sample 1/32
Fra:1 Mem:70.04M (Peak 82.04M) | Time:00:01.94 | Mem:1129.05M, Peak:1129.05M | Scene, ViewLayer | Sample 32/32
Fra:1 Mem:70.04M (Peak 82.04M) | Time:00:01.94 | Mem:1129.05M, Peak:1129.05M | Scene, ViewLayer | Finished
Saved: 'Data/Custom/images/10716a366de708b8fac96522b26f7fd/005.png'
 Time: 00:02.11 (Saving: 00:00.04)

Fra:1 Mem:25.90M (Peak 31.71M) | Time:00:00.68 | Mem:0.00M, Peak:0.00M | Scene, ViewLayer | Synchronizing object | 10716a366de708b8fac96522b26f7fd
Fra:1 Mem:28.80M (Peak 38.10M) | Time:00:00.74 | Mem:0.00M, Peak:0.00M | Scene, ViewLayer | Initializing
Fra:1 Mem:23.07M (Peak 38.10M) | Time:00:00.74 | Mem:0.00M, Peak:0.00M | Scene, ViewLayer | Waiting for render to start
Fra:1 Mem:23.07M (Peak 38.10M) | Time:00:00.74 | Mem:0.00M, Peak:0.00M | Scene, ViewLayer | Loading render kernels (may take a few minutes the first time)
Fra:1 Mem:23.07M (Peak 38.10M) | Time:00:01.35 | Mem:0.00M, Peak:0.00M | Scene, ViewLayer | Updating Scene
Fra:1 Mem:23.07M (Peak 38.10M) | Time:00:01.35 | Mem:0.00M, Peak:0.00M | Scene, ViewLayer | Updating Shaders
Fra:1 Mem:23.33M (Peak 38.10M) | Time:00:01.36 | Mem:0.01M, Peak:0.01M | Scene, ViewLayer | Updating Procedurals
Fra:1 Mem:23.33M (Peak 38.10M) | Time:00:01.36 | Mem:0.01M, Peak:0.01M | Scene, ViewLayer | Updating Background
Fra:1 Mem:23.33M (Peak 38.10M) | Time:00:01.36 | Mem:0.01M, Peak:0.01M | Scene, ViewLayer | Updating Camera
Fra:1 Mem:23.33M (Peak 38.10M) | Time:00:01.36 | Mem:0.01M, Peak:0.01M | Scene, ViewLayer | Updating Meshes Flags
Fra:1 Mem:23.33M (Peak 38.10M) | Time:00:01.36 | Mem:0.01M, Peak:0.01M | Scene, ViewLayer | Updating Objects
Fra:1 Mem:23.33M (Peak 38.10M) | Time:00:01.36 | Mem:0.01M, Peak:0.01M | Scene, ViewLayer | Updating Objects | Copying Transformations to device
Fra:1 Mem:23.33M (Peak 38.10M) | Time:00:01.36 | Mem:0.01M, Peak:0.01M | Scene, ViewLayer | Updating Objects | Applying Static Transformations
Fra:1 Mem:23.33M (Peak 38.10M) | Time:00:01.36 | Mem:0.01M, Peak:0.01M | Scene, ViewLayer | Updating Particle Systems
Fra:1 Mem:23.33M (Peak 38.10M) | Time:00:01.36 | Mem:0.01M, Peak:0.01M | Scene, ViewLayer | Updating Particle Systems | Copying Particles to device
Fra:1 Mem:23.33M (Peak 38.10M) | Time:00:01.37 | Mem:0.01M, Peak:0.01M | Scene, ViewLayer | Updating Meshes
Fra:1 Mem:23.84M (Peak 38.10M) | Time:00:01.37 | Mem:0.01M, Peak:0.01M | Scene, ViewLayer | Updating Mesh | Computing attributes
Fra:1 Mem:25.00M (Peak 38.10M) | Time:00:01.37 | Mem:0.01M, Peak:0.01M | Scene, ViewLayer | Updating Mesh | Copying Attributes to device
Fra:1 Mem:25.00M (Peak 38.10M) | Time:00:01.38 | Mem:1.17M, Peak:1.17M | Scene, ViewLayer | Updating Scene BVH | Building
Fra:1 Mem:25.00M (Peak 38.10M) | Time:00:01.38 | Mem:1.17M, Peak:1.17M | Scene, ViewLayer | Updating Scene BVH | Building BVH
Fra:1 Mem:26.92M (Peak 38.10M) | Time:00:01.40 | Mem:1.17M, Peak:1.17M | Scene, ViewLayer | Updating Scene BVH | Packing BVH triangles and strands
Fra:1 Mem:27.05M (Peak 38.10M) | Time:00:01.40 | Mem:1.17M, Peak:1.17M | Scene, ViewLayer | Updating Scene BVH | Packing BVH nodes
Fra:1 Mem:27.07M (Peak 38.10M) | Time:00:01.40 | Mem:1.17M, Peak:1.17M | Scene, ViewLayer | Updating Scene BVH | Copying BVH to device
Fra:1 Mem:27.07M (Peak 38.10M) | Time:00:01.42 | Mem:2.21M, Peak:2.21M | Scene, ViewLayer | Updating Mesh | Computing normals
Fra:1 Mem:29.65M (Peak 38.10M) | Time:00:01.42 | Mem:2.21M, Peak:2.21M | Scene, ViewLayer | Updating Mesh | Copying Mesh to device
Fra:1 Mem:29.65M (Peak 38.10M) | Time:00:01.43 | Mem:4.79M, Peak:4.79M | Scene, ViewLayer | Updating Objects Flags
Fra:1 Mem:29.65M (Peak 38.10M) | Time:00:01.45 | Mem:4.79M, Peak:4.79M | Scene, ViewLayer | Updating Primitive Offsets
Fra:1 Mem:29.65M (Peak 38.10M) | Time:00:01.45 | Mem:4.79M, Peak:4.79M | Scene, ViewLayer | Updating Images
Fra:1 Mem:29.65M (Peak 38.10M) | Time:00:01.45 | Mem:4.79M, Peak:4.79M | Scene, ViewLayer | Updating Images | Loading texture0.png
Fra:1 Mem:29.70M (Peak 38.10M) | Time:00:01.45 | Mem:4.82M, Peak:4.82M | Scene, ViewLayer | Updating Camera Volume
Fra:1 Mem:29.70M (Peak 38.10M) | Time:00:01.45 | Mem:4.82M, Peak:4.82M | Scene, ViewLayer | Updating Lookup Tables
Fra:1 Mem:29.70M (Peak 38.10M) | Time:00:01.45 | Mem:5.07M, Peak:5.07M | Scene, ViewLayer | Updating Lights
Fra:1 Mem:29.70M (Peak 38.10M) | Time:00:01.45 | Mem:5.07M, Peak:5.07M | Scene, ViewLayer | Updating Lights | Computing distribution
Fra:1 Mem:29.70M (Peak 38.10M) | Time:00:01.46 | Mem:5.07M, Peak:5.07M | Scene, ViewLayer | Updating Integrator
Fra:1 Mem:29.70M (Peak 38.10M) | Time:00:01.46 | Mem:5.08M, Peak:5.08M | Scene, ViewLayer | Updating Film
Fra:1 Mem:29.71M (Peak 38.10M) | Time:00:01.47 | Mem:4.83M, Peak:5.08M | Scene, ViewLayer | Updating Lookup Tables
Fra:1 Mem:29.71M (Peak 38.10M) | Time:00:01.47 | Mem:5.08M, Peak:5.08M | Scene, ViewLayer | Updating Baking
Fra:1 Mem:29.71M (Peak 38.10M) | Time:00:01.47 | Mem:5.08M, Peak:5.08M | Scene, ViewLayer | Updating Device | Writing constant memory
Fra:1 Mem:29.71M (Peak 38.10M) | Time:00:01.47 | Mem:5.08M, Peak:5.08M | Scene, ViewLayer | Loading denoising kernels (may take a few minutes the first time)
Fra:1 Mem:43.03M (Peak 43.03M) | Time:00:01.48 | Mem:1110.03M, Peak:1110.03M | Scene, ViewLayer | Sample 0/32
Fra:1 Mem:62.03M (Peak 62.03M) | Time:00:01.59 | Remaining:00:03.13 | Mem:1129.04M, Peak:1129.04M | Scene, ViewLayer | Sample 1/32
Fra:1 Mem:70.04M (Peak 82.04M) | Time:00:01.89 | Mem:1129.05M, Peak:1129.05M | Scene, ViewLayer | Sample 32/32
Fra:1 Mem:70.04M (Peak 82.04M) | Time:00:01.89 | Mem:1129.05M, Peak:1129.05M | Scene, ViewLayer | Finished
Saved: 'Data/Custom/images/10716a366de708b8fac96522b26f7fd/006.png'
 Time: 00:02.15 (Saving: 00:00.10)

Fra:1 Mem:25.90M (Peak 32.13M) | Time:00:00.67 | Mem:0.00M, Peak:0.00M | Scene, ViewLayer | Synchronizing object | 10716a366de708b8fac96522b26f7fd
Fra:1 Mem:28.80M (Peak 38.10M) | Time:00:00.72 | Mem:0.00M, Peak:0.00M | Scene, ViewLayer | Initializing
Fra:1 Mem:23.07M (Peak 38.10M) | Time:00:00.73 | Mem:0.00M, Peak:0.00M | Scene, ViewLayer | Waiting for render to start
Fra:1 Mem:23.07M (Peak 38.10M) | Time:00:00.73 | Mem:0.00M, Peak:0.00M | Scene, ViewLayer | Loading render kernels (may take a few minutes the first time)
Fra:1 Mem:23.07M (Peak 38.10M) | Time:00:00.89 | Mem:0.00M, Peak:0.00M | Scene, ViewLayer | Updating Scene
Fra:1 Mem:23.07M (Peak 38.10M) | Time:00:00.89 | Mem:0.00M, Peak:0.00M | Scene, ViewLayer | Updating Shaders
Fra:1 Mem:23.33M (Peak 38.10M) | Time:00:00.89 | Mem:0.01M, Peak:0.01M | Scene, ViewLayer | Updating Procedurals
Fra:1 Mem:23.33M (Peak 38.10M) | Time:00:00.89 | Mem:0.01M, Peak:0.01M | Scene, ViewLayer | Updating Background
Fra:1 Mem:23.33M (Peak 38.10M) | Time:00:00.89 | Mem:0.01M, Peak:0.01M | Scene, ViewLayer | Updating Camera
Fra:1 Mem:23.33M (Peak 38.10M) | Time:00:00.89 | Mem:0.01M, Peak:0.01M | Scene, ViewLayer | Updating Meshes Flags
Fra:1 Mem:23.33M (Peak 38.10M) | Time:00:00.89 | Mem:0.01M, Peak:0.01M | Scene, ViewLayer | Updating Objects
Fra:1 Mem:23.33M (Peak 38.10M) | Time:00:00.89 | Mem:0.01M, Peak:0.01M | Scene, ViewLayer | Updating Objects | Copying Transformations to device
Fra:1 Mem:23.33M (Peak 38.10M) | Time:00:00.90 | Mem:0.01M, Peak:0.01M | Scene, ViewLayer | Updating Objects | Applying Static Transformations
Fra:1 Mem:23.33M (Peak 38.10M) | Time:00:00.90 | Mem:0.01M, Peak:0.01M | Scene, ViewLayer | Updating Particle Systems
Fra:1 Mem:23.33M (Peak 38.10M) | Time:00:00.90 | Mem:0.01M, Peak:0.01M | Scene, ViewLayer | Updating Particle Systems | Copying Particles to device
Fra:1 Mem:23.33M (Peak 38.10M) | Time:00:00.92 | Mem:0.01M, Peak:0.01M | Scene, ViewLayer | Updating Meshes
Fra:1 Mem:23.84M (Peak 38.10M) | Time:00:00.92 | Mem:0.01M, Peak:0.01M | Scene, ViewLayer | Updating Mesh | Computing attributes
Fra:1 Mem:25.00M (Peak 38.10M) | Time:00:00.92 | Mem:0.01M, Peak:0.01M | Scene, ViewLayer | Updating Mesh | Copying Attributes to device
Fra:1 Mem:25.00M (Peak 38.10M) | Time:00:00.93 | Mem:1.17M, Peak:1.17M | Scene, ViewLayer | Updating Scene BVH | Building
Fra:1 Mem:25.00M (Peak 38.10M) | Time:00:00.93 | Mem:1.17M, Peak:1.17M | Scene, ViewLayer | Updating Scene BVH | Building BVH
Fra:1 Mem:26.92M (Peak 38.10M) | Time:00:00.94 | Mem:1.17M, Peak:1.17M | Scene, ViewLayer | Updating Scene BVH | Packing BVH triangles and strands
Fra:1 Mem:27.05M (Peak 38.10M) | Time:00:00.94 | Mem:1.17M, Peak:1.17M | Scene, ViewLayer | Updating Scene BVH | Packing BVH nodes
Fra:1 Mem:27.07M (Peak 38.10M) | Time:00:00.94 | Mem:1.17M, Peak:1.17M | Scene, ViewLayer | Updating Scene BVH | Copying BVH to device
Fra:1 Mem:27.07M (Peak 38.10M) | Time:00:00.96 | Mem:2.21M, Peak:2.21M | Scene, ViewLayer | Updating Mesh | Computing normals
Fra:1 Mem:29.65M (Peak 38.10M) | Time:00:00.96 | Mem:2.21M, Peak:2.21M | Scene, ViewLayer | Updating Mesh | Copying Mesh to device
Fra:1 Mem:29.65M (Peak 38.10M) | Time:00:00.98 | Mem:4.79M, Peak:4.79M | Scene, ViewLayer | Updating Objects Flags
Fra:1 Mem:29.65M (Peak 38.10M) | Time:00:00.99 | Mem:4.79M, Peak:4.79M | Scene, ViewLayer | Updating Primitive Offsets
Fra:1 Mem:29.65M (Peak 38.10M) | Time:00:00.99 | Mem:4.79M, Peak:4.79M | Scene, ViewLayer | Updating Images
Fra:1 Mem:29.65M (Peak 38.10M) | Time:00:00.99 | Mem:4.79M, Peak:4.79M | Scene, ViewLayer | Updating Images | Loading texture0.png
Fra:1 Mem:29.70M (Peak 38.10M) | Time:00:00.99 | Mem:4.82M, Peak:4.82M | Scene, ViewLayer | Updating Camera Volume
Fra:1 Mem:29.70M (Peak 38.10M) | Time:00:00.99 | Mem:4.82M, Peak:4.82M | Scene, ViewLayer | Updating Lookup Tables
Fra:1 Mem:29.70M (Peak 38.10M) | Time:00:00.99 | Mem:5.07M, Peak:5.07M | Scene, ViewLayer | Updating Lights
Fra:1 Mem:29.70M (Peak 38.10M) | Time:00:00.99 | Mem:5.07M, Peak:5.07M | Scene, ViewLayer | Updating Lights | Computing distribution
Fra:1 Mem:29.70M (Peak 38.10M) | Time:00:01.00 | Mem:5.07M, Peak:5.07M | Scene, ViewLayer | Updating Integrator
Fra:1 Mem:29.70M (Peak 38.10M) | Time:00:01.00 | Mem:5.08M, Peak:5.08M | Scene, ViewLayer | Updating Film
Fra:1 Mem:29.71M (Peak 38.10M) | Time:00:01.00 | Mem:4.83M, Peak:5.08M | Scene, ViewLayer | Updating Lookup Tables
Fra:1 Mem:29.71M (Peak 38.10M) | Time:00:01.00 | Mem:5.08M, Peak:5.08M | Scene, ViewLayer | Updating Baking
Fra:1 Mem:29.71M (Peak 38.10M) | Time:00:01.00 | Mem:5.08M, Peak:5.08M | Scene, ViewLayer | Updating Device | Writing constant memory
Fra:1 Mem:29.71M (Peak 38.10M) | Time:00:01.01 | Mem:5.08M, Peak:5.08M | Scene, ViewLayer | Loading denoising kernels (may take a few minutes the first time)
Fra:1 Mem:43.03M (Peak 43.03M) | Time:00:01.03 | Mem:1110.03M, Peak:1110.03M | Scene, ViewLayer | Sample 0/32
Fra:1 Mem:62.03M (Peak 62.03M) | Time:00:01.13 | Remaining:00:03.18 | Mem:1129.04M, Peak:1129.04M | Scene, ViewLayer | Sample 1/32
Fra:1 Mem:70.04M (Peak 82.04M) | Time:00:01.44 | Mem:1129.05M, Peak:1129.05M | Scene, ViewLayer | Sample 32/32
Fra:1 Mem:70.04M (Peak 82.04M) | Time:00:01.44 | Mem:1129.05M, Peak:1129.05M | Scene, ViewLayer | Finished
Saved: 'Data/Custom/images/10716a366de708b8fac96522b26f7fd/007.png'
 Time: 00:01.61 (Saving: 00:00.05)

Compute device selected: CUDA
Accelerated render = True
<bpy_collection[3], CyclesPreferences.devices>
Device enabled (CUDA) = True
Device enabled (CPU) = False
Device enabled (OPTIX) = False
Progress:   0.00%(  0.0000 sec |   0.0000 sec) Importing OBJ '/data/taohu/Program/Paper/X-Ray/example/meshes/10716a366de708b8fac96522b26f7fd/models/10716a366de708b8fac96522b26f7fd.obj'...
Progress:   0.00%  (  0.0011 sec |   0.0011 sec) Parsing OBJ file...
Progress:   0.00%    (  0.2093 sec |   0.2082 sec) Done, loading materials and images...
Progress:  33.33%    (  0.2325 sec |   0.2314 sec) Done, building geometries (verts:17628 faces:33560 materials: 15 smoothgroups:0) ...
Progress:  66.67%    (  0.4583 sec |   0.4572 sec) Done.
Progress:  66.67%Progress: 100.00%  (  0.4584 sec |   0.4583 sec) Finished importing: '/data/taohu/Program/Paper/X-Ray/example/meshes/10716a366de708b8fac96522b26f7fd/models/10716a366de708b8fac96522b26f7fd.obj'
Progress: 100.00%Progress: 100.00%

Finished /data/taohu/Program/Paper/X-Ray/example/meshes/10716a366de708b8fac96522b26f7fd/models/10716a366de708b8fac96522b26f7fd.obj in 14.676942110061646 seconds

Blender quit
